[2017-05-09 01:01:33.937] [INFO] logInfo - pager success id 36
[2017-05-09 01:01:33.939] [INFO] logInfo - shopbyps by id 36
[2017-05-09 01:01:46.201] [INFO] logInfo - pager success id 24
[2017-05-09 01:01:46.201] [INFO] logInfo - shopbyps by id 24
[2017-05-09 01:01:54.141] [INFO] logInfo - DB-执行查询语句成功！
sql:select ts.id as id, ts.name as name, ts.picSrc as picSrc, ts.logoStr as logoStr, ts.intro as intro from t_shop ts where ts.id = ?
[2017-05-09 01:01:56.303] [INFO] logInfo - DB-执行查询语句成功！
sql:select id,  name, shop_id  from t_productscale tp where tp.shop_id = ?
[2017-05-09 01:01:56.320] [INFO] logInfo - success
[2017-05-09 01:01:56.387] [INFO] logInfo - DB-执行查询语句成功！
sql:select ts.id as id, ts.name as name, ts.picSrc as picSrc, ts.logoStr as logoStr, ts.intro as intro from t_shop ts where ts.id = ?
[2017-05-09 01:01:56.408] [INFO] logInfo - DB-执行查询语句成功！
sql:select  tp.id as id , tp.amount as amount, tp.intro as intro, tp.name as name, tp.leftAmount as leftAmount,
   tp.height as height, tp.width as width, tp.brand as brand, tp.oldPrice as oldPrice, 
   tp.picSrc as picSrc, tp.price as price  from t_product tp , t_productscale_product  pps  where pps.product_scale_id = ? and tp.id = pps.product_id   and  tp.status = 1 limit 0, 6
[2017-05-09 01:01:56.408] [INFO] logInfo - success
[2017-05-09 01:01:56.480] [INFO] logInfo - DB-执行查询语句成功！
sql:select  tp.id as id , tp.amount as amount, tp.intro as intro, tp.name as name, tp.leftAmount as leftAmount,
   tp.height as height, tp.width as width, tp.brand as brand, tp.oldPrice as oldPrice, 
   tp.picSrc as picSrc, tp.price as price  from t_product tp , t_productscale_product  pps  where pps.product_scale_id = ? and tp.id = pps.product_id   and  tp.status = 1 limit 0, 6
[2017-05-09 01:01:56.480] [INFO] logInfo - success
[2017-05-09 01:01:56.482] [INFO] logInfo - DB-执行查询语句成功！
sql:select  tp.id as id , tp.amount as amount, tp.intro as intro, tp.name as name, tp.leftAmount as leftAmount,
   tp.height as height, tp.width as width, tp.brand as brand, tp.oldPrice as oldPrice, 
   tp.picSrc as picSrc, tp.price as price  from t_product tp , t_productscale_product  pps  where pps.product_scale_id = ? and tp.id = pps.product_id   and  tp.status = 1 limit 0, 6
[2017-05-09 01:01:56.483] [INFO] logInfo - success
[2017-05-09 01:01:56.486] [INFO] logInfo - DB-执行查询语句成功！
sql:select  tp.id as id , tp.amount as amount, tp.intro as intro, tp.name as name, tp.leftAmount as leftAmount,
   tp.height as height, tp.width as width, tp.brand as brand, tp.oldPrice as oldPrice, 
   tp.picSrc as picSrc, tp.price as price  from t_product tp , t_productscale_product  pps  where pps.product_scale_id = ? and tp.id = pps.product_id   and  tp.status = 1 limit 0, 6
[2017-05-09 01:01:56.486] [INFO] logInfo - success
[2017-05-09 01:01:56.486] [INFO] logInfo - DB-执行查询语句成功！
sql:select  tp.id as id , tp.amount as amount, tp.intro as intro, tp.name as name, tp.leftAmount as leftAmount,
   tp.height as height, tp.width as width, tp.brand as brand, tp.oldPrice as oldPrice, 
   tp.picSrc as picSrc, tp.price as price  from t_product tp , t_productscale_product  pps  where pps.product_scale_id = ? and tp.id = pps.product_id   and  tp.status = 1 limit 0, 6
[2017-05-09 01:01:56.486] [INFO] logInfo - success
[2017-05-09 01:01:56.488] [INFO] logInfo - DB-执行查询语句成功！
sql:select  tp.id as id , tp.amount as amount, tp.intro as intro, tp.name as name, tp.leftAmount as leftAmount,
   tp.height as height, tp.width as width, tp.brand as brand, tp.oldPrice as oldPrice, 
   tp.picSrc as picSrc, tp.price as price  from t_product tp , t_productscale_product  pps  where pps.product_scale_id = ? and tp.id = pps.product_id   and  tp.status = 1 limit 0, 6
[2017-05-09 01:01:56.489] [INFO] logInfo - success
[2017-05-09 01:02:04.054] [INFO] logInfo - DB-执行查询语句成功！
sql:select id,  name, shop_id  from t_productscale tp where tp.shop_id = ?
[2017-05-09 01:02:04.054] [INFO] logInfo - success
[2017-05-09 01:02:04.149] [INFO] logInfo - DB-执行查询语句成功！
sql:select  tp.id as id , tp.amount as amount, tp.intro as intro, tp.name as name, tp.leftAmount as leftAmount,
   tp.height as height, tp.width as width, tp.brand as brand, tp.oldPrice as oldPrice, 
   tp.picSrc as picSrc, tp.price as price  from t_product tp , t_productscale_product  pps  where pps.product_scale_id = ? and tp.id = pps.product_id   and  tp.status = 1 limit 0, 6
[2017-05-09 01:02:04.149] [INFO] logInfo - success
[2017-05-09 01:09:13.002] [INFO] logInfo - pager success id 36
[2017-05-09 01:09:13.002] [INFO] logInfo - shopbyps by id 36
[2017-05-09 01:09:13.086] [INFO] logInfo - DB-执行查询语句成功！
sql:select id,  name, shop_id  from t_productscale tp where tp.shop_id = ?
[2017-05-09 01:09:13.086] [INFO] logInfo - success
[2017-05-09 01:09:13.091] [INFO] logInfo - DB-执行查询语句成功！
sql:select ts.id as id, ts.name as name, ts.picSrc as picSrc, ts.logoStr as logoStr, ts.intro as intro from t_shop ts where ts.id = ?
[2017-05-09 01:09:13.244] [INFO] logInfo - DB-执行查询语句成功！
sql:select  tp.id as id , tp.amount as amount, tp.intro as intro, tp.name as name, tp.leftAmount as leftAmount,
   tp.height as height, tp.width as width, tp.brand as brand, tp.oldPrice as oldPrice, 
   tp.picSrc as picSrc, tp.price as price  from t_product tp , t_productscale_product  pps  where pps.product_scale_id = ? and tp.id = pps.product_id   and  tp.status = 1 limit 0, 6
[2017-05-09 01:09:13.244] [INFO] logInfo - success
[2017-05-09 01:29:35.826] [INFO] logInfo - DB-执行查询语句成功！
sql:select   telephone as telephone , create_date as create_date , email as email , password as password , userName as userName , picSrc as picSrc , type as type , status as status  from t_user  where telephone = ? and password = ?
[2017-05-09 01:29:35.828] [INFO] logInfo - success
[2017-05-09 01:29:56.391] [INFO] logInfo - DB-执行查询语句成功！
sql:select tp.id as id , tp.amount as amount, tp.intro as intro, tp.name as name, tp.leftAmount as leftAmount,
   tp.height as pagerSearchheight, tp.width as width, tp.brand as brand, tp.oldPrice as oldPrice, 
   tp.picSrc as picSrc, tp.price as price from t_product tp where tp.name like '%%' or  tp.intro like '%%' and  tp.status = 1 LIMIT 0,10
[2017-05-09 01:29:56.476] [INFO] logInfo - DB-执行查询语句成功！
sql:select count(*) from t_product tp where tp.name like '%%' or  tp.intro like '%%' and  tp.status = 1
[2017-05-09 01:32:02.686] [INFO] logInfo - DB-执行查询语句成功！
sql:select tp.id as id , tp.amount as amount, tp.intro as intro, tp.name as name, tp.leftAmount as leftAmount,
   tp.height as pagerSearchheight, tp.width as width, tp.brand as brand, tp.oldPrice as oldPrice, 
   tp.picSrc as picSrc, tp.price as price from t_product tp where tp.name like '%%' or  tp.intro like '%%' and  tp.status = 1 LIMIT 0,10
[2017-05-09 01:32:02.769] [INFO] logInfo - DB-执行查询语句成功！
sql:select count(*) from t_product tp where tp.name like '%%' or  tp.intro like '%%' and  tp.status = 1
[2017-05-09 01:32:07.316] [INFO] logInfo - pager success id 36
[2017-05-09 01:32:07.316] [INFO] logInfo - shopbyps by id 36
[2017-05-09 01:32:07.398] [INFO] logInfo - DB-执行查询语句成功！
sql:select id,  name, shop_id  from t_productscale tp where tp.shop_id = ?
[2017-05-09 01:32:07.399] [INFO] logInfo - success
[2017-05-09 01:32:07.400] [INFO] logInfo - DB-执行查询语句成功！
sql:select ts.id as id, ts.name as name, ts.picSrc as picSrc, ts.logoStr as logoStr, ts.intro as intro from t_shop ts where ts.id = ?
[2017-05-09 01:32:07.484] [INFO] logInfo - DB-执行查询语句成功！
sql:select  tp.id as id , tp.amount as amount, tp.intro as intro, tp.name as name, tp.leftAmount as leftAmount,
   tp.height as height, tp.width as width, tp.brand as brand, tp.oldPrice as oldPrice, 
   tp.picSrc as picSrc, tp.price as price  from t_product tp , t_productscale_product  pps  where pps.product_scale_id = ? and tp.id = pps.product_id   and  tp.status = 1 limit 0, 6
[2017-05-09 01:32:07.485] [INFO] logInfo - success
[2017-05-09 01:32:27.551] [INFO] logInfo - DB-执行查询语句成功！
sql:select tp.id as id , tp.amount as amount, tp.intro as intro, tp.name as name, tp.leftAmount as leftAmount,
   tp.height as pagerSearchheight, tp.width as width, tp.brand as brand, tp.oldPrice as oldPrice, 
   tp.picSrc as picSrc, tp.price as price from t_product tp where tp.name like '%%' or  tp.intro like '%%' and  tp.status = 1 LIMIT 0,10
[2017-05-09 01:32:27.638] [INFO] logInfo - DB-执行查询语句成功！
sql:select count(*) from t_product tp where tp.name like '%%' or  tp.intro like '%%' and  tp.status = 1
[2017-05-09 01:34:42.391] [INFO] logInfo - DB-执行查询语句成功！
sql:select   telephone as telephone , create_date as create_date , email as email , password as password , userName as userName , picSrc as picSrc , type as type , status as status  from t_user  where telephone = ? and password = ?
[2017-05-09 01:34:42.391] [INFO] logInfo - success
[2017-05-09 02:20:57.050] [INFO] logInfo - DB-执行查询语句成功！
sql:select   telephone as telephone , create_date as create_date , email as email , password as password , userName as userName , picSrc as picSrc , type as type , status as status  from t_user  where telephone = ? and password = ?
[2017-05-09 02:20:57.051] [INFO] logInfo - success
[2017-05-09 02:21:00.223] [INFO] logInfo - DB-执行查询语句成功！
sql:select tp.id as id , tp.amount as amount, tp.intro as intro, tp.name as name, tp.leftAmount as leftAmount,
   tp.height as pagerSearchheight, tp.width as width, tp.brand as brand, tp.oldPrice as oldPrice, 
   tp.picSrc as picSrc, tp.price as price from t_product tp where tp.name like '%%' or  tp.intro like '%%' and  tp.status = 1 LIMIT 0,10
[2017-05-09 02:21:00.309] [INFO] logInfo - DB-执行查询语句成功！
sql:select count(*) from t_product tp where tp.name like '%%' or  tp.intro like '%%' and  tp.status = 1
[2017-05-09 02:21:06.852] [INFO] logInfo - DB-执行查询语句成功！
sql:select   id as id , amount as amount , brand as brand , intro as intro , leftAmount as leftAmount , name as name , oldPrice as oldPrice , picSrc as picSrc , price as price , status as status , shop_id as shop_id  from t_product  where  id in  ("22","23")
[2017-05-09 02:21:06.854] [INFO] logInfo - success
[2017-05-09 02:21:28.485] [INFO] logInfo - DB-执行查询语句成功！
sql:select tp.id as id , tp.amount as amount, tp.intro as intro, tp.name as name, tp.leftAmount as leftAmount,
   tp.height as pagerSearchheight, tp.width as width, tp.brand as brand, tp.oldPrice as oldPrice, 
   tp.picSrc as picSrc, tp.price as price from t_product tp where tp.name like '%%' or  tp.intro like '%%' and  tp.status = 1 LIMIT 0,10
[2017-05-09 02:21:28.567] [INFO] logInfo - DB-执行查询语句成功！
sql:select count(*) from t_product tp where tp.name like '%%' or  tp.intro like '%%' and  tp.status = 1
[2017-05-09 02:21:33.892] [INFO] logInfo - DB-执行查询语句成功！
sql:select   id as id , amount as amount , brand as brand , intro as intro , leftAmount as leftAmount , name as name , oldPrice as oldPrice , picSrc as picSrc , price as price , status as status , shop_id as shop_id  from t_product  where  id in  ("22","23")
[2017-05-09 02:21:33.892] [INFO] logInfo - success
[2017-05-09 14:37:08.327] [INFO] logInfo - DB-执行查询语句成功！
sql:select   telephone as telephone , create_date as create_date , email as email , password as password , userName as userName , picSrc as picSrc , type as type , status as status  from t_user  where telephone = ? and password = ?
[2017-05-09 14:37:08.328] [INFO] logInfo - success
[2017-05-09 14:37:08.935] [INFO] logInfo - DB-执行查询语句成功！
sql:select   telephone as telephone , create_date as create_date , email as email , password as password , userName as userName , picSrc as picSrc , type as type , status as status  from t_user  where telephone = ? and password = ?
[2017-05-09 14:37:08.936] [INFO] logInfo - success
[2017-05-09 14:37:09.498] [INFO] logInfo - DB-执行查询语句成功！
sql:select   telephone as telephone , create_date as create_date , email as email , password as password , userName as userName , picSrc as picSrc , type as type , status as status  from t_user  where telephone = ? and password = ?
[2017-05-09 14:37:09.498] [INFO] logInfo - success
[2017-05-09 14:37:09.812] [INFO] logInfo - DB-执行查询语句成功！
sql:select   telephone as telephone , create_date as create_date , email as email , password as password , userName as userName , picSrc as picSrc , type as type , status as status  from t_user  where telephone = ? and password = ?
[2017-05-09 14:37:09.812] [INFO] logInfo - success
[2017-05-09 14:37:15.744] [INFO] logInfo - DB-执行查询语句成功！
sql:select   telephone as telephone , create_date as create_date , email as email , password as password , userName as userName , picSrc as picSrc , type as type , status as status  from t_user  where telephone = ? and password = ?
[2017-05-09 14:37:15.744] [INFO] logInfo - success
[2017-05-09 14:37:16.777] [INFO] logInfo - DB-执行查询语句成功！
sql:select   telephone as telephone , create_date as create_date , email as email , password as password , userName as userName , picSrc as picSrc , type as type , status as status  from t_user  where telephone = ? and password = ?
[2017-05-09 14:37:16.778] [INFO] logInfo - success
[2017-05-09 14:37:52.162] [INFO] logInfo - DB-执行查询语句成功！
sql:select tp.id as id , tp.amount as amount, tp.intro as intro, tp.name as name, tp.leftAmount as leftAmount,
   tp.height as pagerSearchheight, tp.width as width, tp.brand as brand, tp.oldPrice as oldPrice, 
   tp.picSrc as picSrc, tp.price as price from t_product tp where tp.name like '%%' or  tp.intro like '%%' and  tp.status = 1 LIMIT 0,10
[2017-05-09 14:37:52.261] [INFO] logInfo - DB-执行查询语句成功！
sql:select count(*) from t_product tp where tp.name like '%%' or  tp.intro like '%%' and  tp.status = 1
[2017-05-09 14:38:11.846] [INFO] logInfo - DB-执行查询语句成功！
sql:select   id as id , amount as amount , brand as brand , intro as intro , leftAmount as leftAmount , name as name , oldPrice as oldPrice , picSrc as picSrc , price as price , status as status , shop_id as shop_id  from t_product  where  id in  ("22","23","24","26")
[2017-05-09 14:38:11.846] [INFO] logInfo - success
[2017-05-09 14:38:15.574] [INFO] logInfo - DB-执行查询语句成功！
sql:select   id as id , telephone as telephone , sex as sex , name as name , address as address , user_id as user_id  from t_address  where user_id = ?
[2017-05-09 14:38:15.575] [INFO] logInfo - success
[2017-05-09 14:38:34.211] [INFO] logInfo - DB-执行查询语句成功！
sql:insert into t_address (user_id,name,sex,telephone,address) values (?,?,?,?,?)
[2017-05-09 14:38:34.211] [INFO] logInfo - success
[2017-05-09 14:38:34.624] [INFO] logInfo - DB-执行查询语句成功！
sql:select   id as id , telephone as telephone , sex as sex , name as name , address as address , user_id as user_id  from t_address  where user_id = ?
[2017-05-09 14:38:34.624] [INFO] logInfo - success
[2017-05-09 14:38:39.408] [INFO] logInfo - DB-执行查询语句成功！
sql:select   id as id , amount as amount , brand as brand , intro as intro , leftAmount as leftAmount , name as name , oldPrice as oldPrice , picSrc as picSrc , price as price , status as status , shop_id as shop_id  from t_product  where  id in  ("22","23","24","26")
[2017-05-09 14:38:39.409] [INFO] logInfo - success
[2017-05-09 14:39:58.953] [INFO] logInfo - DB-执行查询语句成功！
sql:insert into t_order (id,user_id) values (?,?)
[2017-05-09 14:39:58.953] [INFO] logInfo - success
[2017-05-09 14:39:59.165] [INFO] logInfo - DB-执行查询语句成功！
sql:insert into t_order_product (order_id,user_id,product_id,shop_id,address_id,count) values (?,?,?,?,?,?)
[2017-05-09 14:39:59.166] [INFO] logInfo - success
[2017-05-09 14:39:59.251] [INFO] logInfo - DB-执行查询语句成功！
sql:insert into t_order_product (order_id,user_id,product_id,shop_id,address_id,count) values (?,?,?,?,?,?)
[2017-05-09 14:39:59.251] [INFO] logInfo - success
[2017-05-09 14:39:59.273] [INFO] logInfo - DB-执行查询语句成功！
sql:update t_product t set t.leftAmount = t.amount-? where t.id = ?
[2017-05-09 14:39:59.273] [INFO] logInfo - success
[2017-05-09 14:39:59.319] [INFO] logInfo - DB-执行查询语句成功！
sql:update t_product t set t.leftAmount = t.amount-? where t.id = ?
[2017-05-09 14:39:59.319] [INFO] logInfo - success
[2017-05-09 14:40:01.870] [INFO] logInfo - DB-执行查询语句成功！
sql:SELECT *, top.status as order_status, tp.name as pname, ts.user_id as saler_id, tp.picSrc as ppicSrc, tp.intro as pintro from t_order tor 
LEFT JOIN  t_order_product top on (tor.id = top.order_id) LEFT JOIN t_product tp on (tp.id = top.product_id)
 left JOIN t_shop ts on (ts.id = tp.shop_id)  WHERE tor.user_id = ? and tor.id = ? 
[2017-05-09 14:40:01.871] [INFO] logInfo - success
[2017-05-09 14:40:01.992] [INFO] logInfo - DB-执行查询语句成功！
sql:select   id as id , telephone as telephone , sex as sex , name as name , address as address , user_id as user_id  from t_address  where id = ?
[2017-05-09 14:40:01.992] [INFO] logInfo - success
[2017-05-09 14:43:12.127] [INFO] logInfo - DB-执行查询语句成功！
sql:select tp.id as id , tp.amount as amount, tp.intro as intro, tp.name as name, tp.leftAmount as leftAmount,
   tp.height as pagerSearchheight, tp.width as width, tp.brand as brand, tp.oldPrice as oldPrice, 
   tp.picSrc as picSrc, tp.price as price from t_product tp where tp.name like '%%' or  tp.intro like '%%' and  tp.status = 1 LIMIT 0,10
[2017-05-09 14:43:12.228] [INFO] logInfo - DB-执行查询语句成功！
sql:select count(*) from t_product tp where tp.name like '%%' or  tp.intro like '%%' and  tp.status = 1
[2017-05-09 14:43:53.125] [INFO] logInfo - pager success id 36
[2017-05-09 14:43:53.126] [INFO] logInfo - shopbyps by id 36
[2017-05-09 14:43:53.214] [INFO] logInfo - DB-执行查询语句成功！
sql:select ts.id as id, ts.name as name, ts.picSrc as picSrc, ts.logoStr as logoStr, ts.intro as intro from t_shop ts where ts.id = ?
[2017-05-09 14:43:53.233] [INFO] logInfo - DB-执行查询语句成功！
sql:select id,  name, shop_id  from t_productscale tp where tp.shop_id = ?
[2017-05-09 14:43:53.233] [INFO] logInfo - success
[2017-05-09 14:43:53.311] [INFO] logInfo - DB-执行查询语句成功！
sql:select  tp.id as id , tp.amount as amount, tp.intro as intro, tp.name as name, tp.leftAmount as leftAmount,
   tp.height as height, tp.width as width, tp.brand as brand, tp.oldPrice as oldPrice, 
   tp.picSrc as picSrc, tp.price as price  from t_product tp , t_productscale_product  pps  where pps.product_scale_id = ? and tp.id = pps.product_id   and  tp.status = 1 limit 0, 6
[2017-05-09 14:43:53.311] [INFO] logInfo - success
[2017-05-09 14:44:06.026] [INFO] logInfo - DB-执行查询语句成功！
sql:select tp.id as id , tp.amount as amount, tp.intro as intro, tp.name as name, tp.leftAmount as leftAmount,
   tp.height as pagerSearchheight, tp.width as width, tp.brand as brand, tp.oldPrice as oldPrice, 
   tp.picSrc as picSrc, tp.price as price from t_product tp where tp.name like '%%' or  tp.intro like '%%' and  tp.status = 1 LIMIT 0,10
[2017-05-09 14:44:06.117] [INFO] logInfo - DB-执行查询语句成功！
sql:select count(*) from t_product tp where tp.name like '%%' or  tp.intro like '%%' and  tp.status = 1
[2017-05-09 14:44:08.017] [INFO] logInfo - pager success id 24
[2017-05-09 14:44:08.017] [INFO] logInfo - shopbyps by id 24
[2017-05-09 14:44:08.196] [INFO] logInfo - DB-执行查询语句成功！
sql:select ts.id as id, ts.name as name, ts.picSrc as picSrc, ts.logoStr as logoStr, ts.intro as intro from t_shop ts where ts.id = ?
[2017-05-09 14:44:08.227] [INFO] logInfo - DB-执行查询语句成功！
sql:select id,  name, shop_id  from t_productscale tp where tp.shop_id = ?
[2017-05-09 14:44:08.227] [INFO] logInfo - success
[2017-05-09 14:44:08.416] [INFO] logInfo - DB-执行查询语句成功！
sql:select  tp.id as id , tp.amount as amount, tp.intro as intro, tp.name as name, tp.leftAmount as leftAmount,
   tp.height as height, tp.width as width, tp.brand as brand, tp.oldPrice as oldPrice, 
   tp.picSrc as picSrc, tp.price as price  from t_product tp , t_productscale_product  pps  where pps.product_scale_id = ? and tp.id = pps.product_id   and  tp.status = 1 limit 0, 6
[2017-05-09 14:44:08.417] [INFO] logInfo - success
[2017-05-09 14:44:08.428] [INFO] logInfo - DB-执行查询语句成功！
sql:select  tp.id as id , tp.amount as amount, tp.intro as intro, tp.name as name, tp.leftAmount as leftAmount,
   tp.height as height, tp.width as width, tp.brand as brand, tp.oldPrice as oldPrice, 
   tp.picSrc as picSrc, tp.price as price  from t_product tp , t_productscale_product  pps  where pps.product_scale_id = ? and tp.id = pps.product_id   and  tp.status = 1 limit 0, 6
[2017-05-09 14:44:08.429] [INFO] logInfo - success
[2017-05-09 14:44:08.761] [INFO] logInfo - DB-执行查询语句成功！
sql:select  tp.id as id , tp.amount as amount, tp.intro as intro, tp.name as name, tp.leftAmount as leftAmount,
   tp.height as height, tp.width as width, tp.brand as brand, tp.oldPrice as oldPrice, 
   tp.picSrc as picSrc, tp.price as price  from t_product tp , t_productscale_product  pps  where pps.product_scale_id = ? and tp.id = pps.product_id   and  tp.status = 1 limit 0, 6
[2017-05-09 14:44:08.761] [INFO] logInfo - success
[2017-05-09 14:44:08.762] [INFO] logInfo - DB-执行查询语句成功！
sql:select  tp.id as id , tp.amount as amount, tp.intro as intro, tp.name as name, tp.leftAmount as leftAmount,
   tp.height as height, tp.width as width, tp.brand as brand, tp.oldPrice as oldPrice, 
   tp.picSrc as picSrc, tp.price as price  from t_product tp , t_productscale_product  pps  where pps.product_scale_id = ? and tp.id = pps.product_id   and  tp.status = 1 limit 0, 6
[2017-05-09 14:44:08.763] [INFO] logInfo - success
[2017-05-09 14:44:08.784] [INFO] logInfo - DB-执行查询语句成功！
sql:select  tp.id as id , tp.amount as amount, tp.intro as intro, tp.name as name, tp.leftAmount as leftAmount,
   tp.height as height, tp.width as width, tp.brand as brand, tp.oldPrice as oldPrice, 
   tp.picSrc as picSrc, tp.price as price  from t_product tp , t_productscale_product  pps  where pps.product_scale_id = ? and tp.id = pps.product_id   and  tp.status = 1 limit 0, 6
[2017-05-09 14:44:08.784] [INFO] logInfo - success
[2017-05-09 14:44:08.870] [INFO] logInfo - DB-执行查询语句成功！
sql:select  tp.id as id , tp.amount as amount, tp.intro as intro, tp.name as name, tp.leftAmount as leftAmount,
   tp.height as height, tp.width as width, tp.brand as brand, tp.oldPrice as oldPrice, 
   tp.picSrc as picSrc, tp.price as price  from t_product tp , t_productscale_product  pps  where pps.product_scale_id = ? and tp.id = pps.product_id   and  tp.status = 1 limit 0, 6
[2017-05-09 14:44:08.870] [INFO] logInfo - success
[2017-05-09 14:44:39.729] [INFO] logInfo - scale detail success id 24
[2017-05-09 14:44:39.812] [INFO] logInfo - DB-执行查询语句成功！
sql:select  tp.id as id , tp.amount as amount, tp.intro as intro, tp.name as name, tp.leftAmount as leftAmount,
   tp.height as height, tp.width as width, tp.brand as brand, tp.oldPrice as oldPrice, 
   tp.picSrc as picSrc, tp.price as price  from t_product tp , t_productscale_product  pps  where pps.product_scale_id = 20 and tp.id = pps.product_id   and  tp.status = 1 LIMIT 0,10
[2017-05-09 14:44:39.889] [INFO] logInfo - DB-执行查询语句成功！
sql:select count(*) from t_product tp , t_productscale_product  pps  where pps.product_scale_id = 20 and tp.id = pps.product_id   and  tp.status = 1
[2017-05-09 14:44:42.115] [INFO] logInfo - scale detail success id 24
[2017-05-09 14:44:42.239] [INFO] logInfo - DB-执行查询语句成功！
sql:select  tp.id as id , tp.amount as amount, tp.intro as intro, tp.name as name, tp.leftAmount as leftAmount,
   tp.height as height, tp.width as width, tp.brand as brand, tp.oldPrice as oldPrice, 
   tp.picSrc as picSrc, tp.price as price  from t_product tp , t_productscale_product  pps  where pps.product_scale_id = 20 and tp.id = pps.product_id   and  tp.status = 1 LIMIT 10,10
[2017-05-09 14:44:42.320] [INFO] logInfo - DB-执行查询语句成功！
sql:select count(*) from t_product tp , t_productscale_product  pps  where pps.product_scale_id = 20 and tp.id = pps.product_id   and  tp.status = 1
[2017-05-09 14:44:54.630] [INFO] logInfo - pager success id 24ps23
[2017-05-09 14:44:54.631] [INFO] logInfo - shopbyps by id 24ps23
[2017-05-09 14:44:54.707] [INFO] logInfo - DB-执行查询语句成功！
sql:select id,  name, shop_id  from t_productscale tp where tp.shop_id = ?
[2017-05-09 14:44:54.707] [INFO] logInfo - success
[2017-05-09 14:44:54.714] [INFO] logInfo - DB-执行查询语句成功！
sql:select ts.id as id, ts.name as name, ts.picSrc as picSrc, ts.logoStr as logoStr, ts.intro as intro from t_shop ts where ts.id = ?
[2017-05-09 14:44:54.780] [INFO] logInfo - DB-执行查询语句成功！
sql:select  tp.id as id , tp.amount as amount, tp.intro as intro, tp.name as name, tp.leftAmount as leftAmount,
   tp.height as height, tp.width as width, tp.brand as brand, tp.oldPrice as oldPrice, 
   tp.picSrc as picSrc, tp.price as price  from t_product tp , t_productscale_product  pps  where pps.product_scale_id = ? and tp.id = pps.product_id   and  tp.status = 1 limit 0, 6
[2017-05-09 14:44:54.781] [INFO] logInfo - success
[2017-05-09 14:44:54.786] [INFO] logInfo - DB-执行查询语句成功！
sql:select  tp.id as id , tp.amount as amount, tp.intro as intro, tp.name as name, tp.leftAmount as leftAmount,
   tp.height as height, tp.width as width, tp.brand as brand, tp.oldPrice as oldPrice, 
   tp.picSrc as picSrc, tp.price as price  from t_product tp , t_productscale_product  pps  where pps.product_scale_id = ? and tp.id = pps.product_id   and  tp.status = 1 limit 0, 6
[2017-05-09 14:44:54.787] [INFO] logInfo - success
[2017-05-09 14:44:54.789] [INFO] logInfo - DB-执行查询语句成功！
sql:select  tp.id as id , tp.amount as amount, tp.intro as intro, tp.name as name, tp.leftAmount as leftAmount,
   tp.height as height, tp.width as width, tp.brand as brand, tp.oldPrice as oldPrice, 
   tp.picSrc as picSrc, tp.price as price  from t_product tp , t_productscale_product  pps  where pps.product_scale_id = ? and tp.id = pps.product_id   and  tp.status = 1 limit 0, 6
[2017-05-09 14:44:54.789] [INFO] logInfo - success
[2017-05-09 14:44:54.797] [INFO] logInfo - DB-执行查询语句成功！
sql:select  tp.id as id , tp.amount as amount, tp.intro as intro, tp.name as name, tp.leftAmount as leftAmount,
   tp.height as height, tp.width as width, tp.brand as brand, tp.oldPrice as oldPrice, 
   tp.picSrc as picSrc, tp.price as price  from t_product tp , t_productscale_product  pps  where pps.product_scale_id = ? and tp.id = pps.product_id   and  tp.status = 1 limit 0, 6
[2017-05-09 14:44:54.797] [INFO] logInfo - success
[2017-05-09 14:44:54.817] [INFO] logInfo - DB-执行查询语句成功！
sql:select  tp.id as id , tp.amount as amount, tp.intro as intro, tp.name as name, tp.leftAmount as leftAmount,
   tp.height as height, tp.width as width, tp.brand as brand, tp.oldPrice as oldPrice, 
   tp.picSrc as picSrc, tp.price as price  from t_product tp , t_productscale_product  pps  where pps.product_scale_id = ? and tp.id = pps.product_id   and  tp.status = 1 limit 0, 6
[2017-05-09 14:44:54.817] [INFO] logInfo - success
[2017-05-09 14:44:54.900] [INFO] logInfo - DB-执行查询语句成功！
sql:select  tp.id as id , tp.amount as amount, tp.intro as intro, tp.name as name, tp.leftAmount as leftAmount,
   tp.height as height, tp.width as width, tp.brand as brand, tp.oldPrice as oldPrice, 
   tp.picSrc as picSrc, tp.price as price  from t_product tp , t_productscale_product  pps  where pps.product_scale_id = ? and tp.id = pps.product_id   and  tp.status = 1 limit 0, 6
[2017-05-09 14:44:54.900] [INFO] logInfo - success
[2017-05-09 14:45:08.728] [INFO] logInfo - DB-执行查询语句成功！
sql:select tp.id as id , tp.amount as amount, tp.intro as intro, tp.name as name, tp.leftAmount as leftAmount,
   tp.height as pagerSearchheight, tp.width as width, tp.brand as brand, tp.oldPrice as oldPrice, 
   tp.picSrc as picSrc, tp.price as price from t_product tp where tp.name like '%%' or  tp.intro like '%%' and  tp.status = 1 LIMIT 0,10
[2017-05-09 14:45:08.811] [INFO] logInfo - DB-执行查询语句成功！
sql:select count(*) from t_product tp where tp.name like '%%' or  tp.intro like '%%' and  tp.status = 1
[2017-05-09 14:45:18.158] [INFO] logInfo - DB-执行查询语句成功！
sql:select tp.id as id , tp.amount as amount, tp.intro as intro, tp.name as name, tp.leftAmount as leftAmount,
   tp.height as pagerSearchheight, tp.width as width, tp.brand as brand, tp.oldPrice as oldPrice, 
   tp.picSrc as picSrc, tp.price as price from t_product tp where tp.name like '%tian%' or  tp.intro like '%tian%' and  tp.status = 1 LIMIT 0,10
[2017-05-09 14:45:18.242] [INFO] logInfo - DB-执行查询语句成功！
sql:select count(*) from t_product tp where tp.name like '%tian%' or  tp.intro like '%tian%' and  tp.status = 1
[2017-05-09 14:45:20.011] [INFO] logInfo - DB-执行查询语句成功！
sql:select tp.id as id , tp.amount as amount, tp.intro as intro, tp.name as name, tp.leftAmount as leftAmount,
   tp.height as pagerSearchheight, tp.width as width, tp.brand as brand, tp.oldPrice as oldPrice, 
   tp.picSrc as picSrc, tp.price as price from t_product tp where tp.name like '%tian%' or  tp.intro like '%tian%' and  tp.status = 1 LIMIT 0,10
[2017-05-09 14:45:20.107] [INFO] logInfo - DB-执行查询语句成功！
sql:select count(*) from t_product tp where tp.name like '%tian%' or  tp.intro like '%tian%' and  tp.status = 1
[2017-05-09 14:45:20.845] [INFO] logInfo - DB-执行查询语句成功！
sql:select tp.id as id , tp.amount as amount, tp.intro as intro, tp.name as name, tp.leftAmount as leftAmount,
   tp.height as pagerSearchheight, tp.width as width, tp.brand as brand, tp.oldPrice as oldPrice, 
   tp.picSrc as picSrc, tp.price as price from t_product tp where tp.name like '%天%' or  tp.intro like '%天%' and  tp.status = 1 LIMIT 0,10
[2017-05-09 14:45:20.918] [INFO] logInfo - DB-执行查询语句成功！
sql:select count(*) from t_product tp where tp.name like '%天%' or  tp.intro like '%天%' and  tp.status = 1
[2017-05-09 14:45:26.613] [INFO] logInfo - DB-执行查询语句成功！
sql:select tp.id as id , tp.amount as amount, tp.intro as intro, tp.name as name, tp.leftAmount as leftAmount,
   tp.height as pagerSearchheight, tp.width as width, tp.brand as brand, tp.oldPrice as oldPrice, 
   tp.picSrc as picSrc, tp.price as price from t_product tp where tp.name like '%天%' or  tp.intro like '%天%' and  tp.status = 1 order by price DESC LIMIT 0,10
[2017-05-09 14:45:26.689] [INFO] logInfo - DB-执行查询语句成功！
sql:select count(*) from t_product tp where tp.name like '%天%' or  tp.intro like '%天%' and  tp.status = 1 order by price DESC
[2017-05-09 14:45:28.629] [INFO] logInfo - DB-执行查询语句成功！
sql:select tp.id as id , tp.amount as amount, tp.intro as intro, tp.name as name, tp.leftAmount as leftAmount,
   tp.height as pagerSearchheight, tp.width as width, tp.brand as brand, tp.oldPrice as oldPrice, 
   tp.picSrc as picSrc, tp.price as price from t_product tp where tp.name like '%天%' or  tp.intro like '%天%' and  tp.status = 1 order by name DESC LIMIT 0,10
[2017-05-09 14:45:28.711] [INFO] logInfo - DB-执行查询语句成功！
sql:select count(*) from t_product tp where tp.name like '%天%' or  tp.intro like '%天%' and  tp.status = 1 order by name DESC
[2017-05-09 14:45:31.221] [INFO] logInfo - DB-执行查询语句成功！
sql:select tp.id as id , tp.amount as amount, tp.intro as intro, tp.name as name, tp.leftAmount as leftAmount,
   tp.height as pagerSearchheight, tp.width as width, tp.brand as brand, tp.oldPrice as oldPrice, 
   tp.picSrc as picSrc, tp.price as price from t_product tp where tp.name like '%天%' or  tp.intro like '%天%' and  tp.status = 1 order by price DESC LIMIT 0,10
[2017-05-09 14:45:31.311] [INFO] logInfo - DB-执行查询语句成功！
sql:select count(*) from t_product tp where tp.name like '%天%' or  tp.intro like '%天%' and  tp.status = 1 order by price DESC
[2017-05-09 14:45:41.013] [INFO] logInfo - DB-执行查询语句成功！
sql:select tp.id as id , tp.amount as amount, tp.intro as intro, tp.name as name, tp.leftAmount as leftAmount,
   tp.height as pagerSearchheight, tp.width as width, tp.brand as brand, tp.oldPrice as oldPrice, 
   tp.picSrc as picSrc, tp.price as price from t_product tp where tp.name like '%天%' or  tp.intro like '%天%' and  tp.status = 1 order by price DESC LIMIT 10,10
[2017-05-09 14:45:41.108] [INFO] logInfo - DB-执行查询语句成功！
sql:select count(*) from t_product tp where tp.name like '%天%' or  tp.intro like '%天%' and  tp.status = 1 order by price DESC
[2017-05-09 14:45:44.581] [INFO] logInfo - DB-执行查询语句成功！
sql:select tp.id as id , tp.amount as amount, tp.intro as intro, tp.name as name, tp.leftAmount as leftAmount,
   tp.height as pagerSearchheight, tp.width as width, tp.brand as brand, tp.oldPrice as oldPrice, 
   tp.picSrc as picSrc, tp.price as price from t_product tp where tp.name like '%天%' or  tp.intro like '%天%' and  tp.status = 1 order by price DESC LIMIT 20,10
[2017-05-09 14:45:44.651] [INFO] logInfo - DB-执行查询语句成功！
sql:select count(*) from t_product tp where tp.name like '%天%' or  tp.intro like '%天%' and  tp.status = 1 order by price DESC
[2017-05-09 14:45:51.475] [INFO] logInfo - DB-执行查询语句成功！
sql:select tp.id as id , tp.amount as amount, tp.intro as intro, tp.name as name, tp.leftAmount as leftAmount,
   tp.height as pagerSearchheight, tp.width as width, tp.brand as brand, tp.oldPrice as oldPrice, 
   tp.picSrc as picSrc, tp.price as price from t_product tp where tp.name like '%天%' or  tp.intro like '%天%' and  tp.status = 1 order by price ASC LIMIT 0,10
[2017-05-09 14:45:51.560] [INFO] logInfo - DB-执行查询语句成功！
sql:select count(*) from t_product tp where tp.name like '%天%' or  tp.intro like '%天%' and  tp.status = 1 order by price ASC
[2017-05-09 14:45:59.179] [INFO] logInfo - DB-执行查询语句成功！
sql:select tp.id as id , tp.amount as amount, tp.intro as intro, tp.name as name, tp.leftAmount as leftAmount,
   tp.height as pagerSearchheight, tp.width as width, tp.brand as brand, tp.oldPrice as oldPrice, 
   tp.picSrc as picSrc, tp.price as price from t_product tp where tp.name like '%%' or  tp.intro like '%%' and  tp.status = 1 LIMIT 0,10
[2017-05-09 14:45:59.259] [INFO] logInfo - DB-执行查询语句成功！
sql:select count(*) from t_product tp where tp.name like '%%' or  tp.intro like '%%' and  tp.status = 1
[2017-05-09 14:46:06.420] [INFO] logInfo - DB-执行查询语句成功！
sql:select tp.id as id , tp.amount as amount, tp.intro as intro, tp.name as name, tp.leftAmount as leftAmount,
   tp.height as pagerSearchheight, tp.width as width, tp.brand as brand, tp.oldPrice as oldPrice, 
   tp.picSrc as picSrc, tp.price as price from t_product tp where tp.name like '%%' or  tp.intro like '%%' and  tp.status = 1 LIMIT 0,10
[2017-05-09 14:46:06.536] [INFO] logInfo - DB-执行查询语句成功！
sql:select count(*) from t_product tp where tp.name like '%%' or  tp.intro like '%%' and  tp.status = 1
[2017-05-09 14:46:07.786] [INFO] logInfo - DB-执行查询语句成功！
sql:select tp.id as id , tp.amount as amount, tp.intro as intro, tp.name as name, tp.leftAmount as leftAmount,
   tp.height as pagerSearchheight, tp.width as width, tp.brand as brand, tp.oldPrice as oldPrice, 
   tp.picSrc as picSrc, tp.price as price from t_product tp where tp.name like '%%' or  tp.intro like '%%' and  tp.status = 1 LIMIT 0,10
[2017-05-09 14:46:08.136] [INFO] logInfo - DB-执行查询语句成功！
sql:select count(*) from t_product tp where tp.name like '%%' or  tp.intro like '%%' and  tp.status = 1
[2017-05-09 14:46:16.180] [INFO] logInfo - DB-执行查询语句成功！
sql:select tp.id as id , tp.amount as amount, tp.intro as intro, tp.name as name, tp.leftAmount as leftAmount,
   tp.height as pagerSearchheight, tp.width as width, tp.brand as brand, tp.oldPrice as oldPrice, 
   tp.picSrc as picSrc, tp.price as price from t_product tp where tp.name like '%tian%' or  tp.intro like '%tian%' and  tp.status = 1 LIMIT 0,10
[2017-05-09 14:46:16.280] [INFO] logInfo - DB-执行查询语句成功！
sql:select count(*) from t_product tp where tp.name like '%tian%' or  tp.intro like '%tian%' and  tp.status = 1
[2017-05-09 14:46:30.832] [INFO] logInfo - DB-执行查询语句成功！
sql:select tp.id as id , tp.amount as amount, tp.intro as intro, tp.name as name, tp.leftAmount as leftAmount,
   tp.height as pagerSearchheight, tp.width as width, tp.brand as brand, tp.oldPrice as oldPrice, 
   tp.picSrc as picSrc, tp.price as price from t_product tp where tp.name like '%tian%' or  tp.intro like '%tian%' and  tp.status = 1 LIMIT 0,10
[2017-05-09 14:46:30.900] [INFO] logInfo - DB-执行查询语句成功！
sql:select count(*) from t_product tp where tp.name like '%tian%' or  tp.intro like '%tian%' and  tp.status = 1
[2017-05-09 14:46:31.764] [INFO] logInfo - DB-执行查询语句成功！
sql:select tp.id as id , tp.amount as amount, tp.intro as intro, tp.name as name, tp.leftAmount as leftAmount,
   tp.height as pagerSearchheight, tp.width as width, tp.brand as brand, tp.oldPrice as oldPrice, 
   tp.picSrc as picSrc, tp.price as price from t_product tp where tp.name like '%天%' or  tp.intro like '%天%' and  tp.status = 1 LIMIT 0,10
[2017-05-09 14:46:32.033] [INFO] logInfo - DB-执行查询语句成功！
sql:select count(*) from t_product tp where tp.name like '%天%' or  tp.intro like '%天%' and  tp.status = 1
[2017-05-09 14:46:32.345] [INFO] logInfo - DB-执行查询语句成功！
sql:select tp.id as id , tp.amount as amount, tp.intro as intro, tp.name as name, tp.leftAmount as leftAmount,
   tp.height as pagerSearchheight, tp.width as width, tp.brand as brand, tp.oldPrice as oldPrice, 
   tp.picSrc as picSrc, tp.price as price from t_product tp where tp.name like '%天%' or  tp.intro like '%天%' and  tp.status = 1 LIMIT 0,10
[2017-05-09 14:46:32.408] [INFO] logInfo - DB-执行查询语句成功！
sql:select count(*) from t_product tp where tp.name like '%天%' or  tp.intro like '%天%' and  tp.status = 1
[2017-05-09 14:46:51.326] [INFO] logInfo - DB-执行查询语句成功！
sql:select tp.id as id , tp.amount as amount, tp.intro as intro, tp.name as name, tp.leftAmount as leftAmount,
   tp.height as pagerSearchheight, tp.width as width, tp.brand as brand, tp.oldPrice as oldPrice, 
   tp.picSrc as picSrc, tp.price as price from t_product tp where tp.name like '%天%' or  tp.intro like '%天%' and  tp.status = 1 LIMIT 0,10
[2017-05-09 14:46:51.404] [INFO] logInfo - DB-执行查询语句成功！
sql:select count(*) from t_product tp where tp.name like '%天%' or  tp.intro like '%天%' and  tp.status = 1
[2017-05-09 14:49:21.727] [INFO] logInfo - DB-执行查询语句成功！
sql:select *, tp.id as tpid, tp.intro as tpintro, tp.picSrc as tppicSrc, tp.name as tpname
     from t_product tp left JOIN t_shop ts on (ts.id = tp.shop_id) where tp.id = ?
[2017-05-09 14:49:21.727] [INFO] logInfo - success
[2017-05-09 14:50:12.565] [INFO] logInfo - DB-执行查询语句成功！
sql:select   id as id , amount as amount , brand as brand , intro as intro , leftAmount as leftAmount , name as name , oldPrice as oldPrice , picSrc as picSrc , price as price , status as status , shop_id as shop_id  from t_product  where  id in  ("24")
[2017-05-09 14:50:12.566] [INFO] logInfo - success
[2017-05-09 14:50:16.428] [INFO] logInfo - DB-执行查询语句成功！
sql:select *, tp.id as tpid, tp.intro as tpintro, tp.picSrc as tppicSrc, tp.name as tpname
     from t_product tp left JOIN t_shop ts on (ts.id = tp.shop_id) where tp.id = ?
[2017-05-09 14:50:16.428] [INFO] logInfo - success
[2017-05-09 14:50:26.423] [INFO] logInfo - pager success id 24
[2017-05-09 14:50:26.423] [INFO] logInfo - shopbyps by id 24
[2017-05-09 14:50:26.620] [INFO] logInfo - DB-执行查询语句成功！
sql:select id,  name, shop_id  from t_productscale tp where tp.shop_id = ?
[2017-05-09 14:50:26.621] [INFO] logInfo - success
[2017-05-09 14:50:26.686] [INFO] logInfo - DB-执行查询语句成功！
sql:select ts.id as id, ts.name as name, ts.picSrc as picSrc, ts.logoStr as logoStr, ts.intro as intro from t_shop ts where ts.id = ?
[2017-05-09 14:50:26.755] [INFO] logInfo - DB-执行查询语句成功！
sql:select  tp.id as id , tp.amount as amount, tp.intro as intro, tp.name as name, tp.leftAmount as leftAmount,
   tp.height as height, tp.width as width, tp.brand as brand, tp.oldPrice as oldPrice, 
   tp.picSrc as picSrc, tp.price as price  from t_product tp , t_productscale_product  pps  where pps.product_scale_id = ? and tp.id = pps.product_id   and  tp.status = 1 limit 0, 6
[2017-05-09 14:50:26.755] [INFO] logInfo - success
[2017-05-09 14:50:27.046] [INFO] logInfo - DB-执行查询语句成功！
sql:select  tp.id as id , tp.amount as amount, tp.intro as intro, tp.name as name, tp.leftAmount as leftAmount,
   tp.height as height, tp.width as width, tp.brand as brand, tp.oldPrice as oldPrice, 
   tp.picSrc as picSrc, tp.price as price  from t_product tp , t_productscale_product  pps  where pps.product_scale_id = ? and tp.id = pps.product_id   and  tp.status = 1 limit 0, 6
[2017-05-09 14:50:27.047] [INFO] logInfo - success
[2017-05-09 14:50:27.050] [INFO] logInfo - DB-执行查询语句成功！
sql:select  tp.id as id , tp.amount as amount, tp.intro as intro, tp.name as name, tp.leftAmount as leftAmount,
   tp.height as height, tp.width as width, tp.brand as brand, tp.oldPrice as oldPrice, 
   tp.picSrc as picSrc, tp.price as price  from t_product tp , t_productscale_product  pps  where pps.product_scale_id = ? and tp.id = pps.product_id   and  tp.status = 1 limit 0, 6
[2017-05-09 14:50:27.050] [INFO] logInfo - success
[2017-05-09 14:50:27.060] [INFO] logInfo - DB-执行查询语句成功！
sql:select  tp.id as id , tp.amount as amount, tp.intro as intro, tp.name as name, tp.leftAmount as leftAmount,
   tp.height as height, tp.width as width, tp.brand as brand, tp.oldPrice as oldPrice, 
   tp.picSrc as picSrc, tp.price as price  from t_product tp , t_productscale_product  pps  where pps.product_scale_id = ? and tp.id = pps.product_id   and  tp.status = 1 limit 0, 6
[2017-05-09 14:50:27.060] [INFO] logInfo - success
[2017-05-09 14:50:27.195] [INFO] logInfo - DB-执行查询语句成功！
sql:select  tp.id as id , tp.amount as amount, tp.intro as intro, tp.name as name, tp.leftAmount as leftAmount,
   tp.height as height, tp.width as width, tp.brand as brand, tp.oldPrice as oldPrice, 
   tp.picSrc as picSrc, tp.price as price  from t_product tp , t_productscale_product  pps  where pps.product_scale_id = ? and tp.id = pps.product_id   and  tp.status = 1 limit 0, 6
[2017-05-09 14:50:27.195] [INFO] logInfo - success
[2017-05-09 14:50:27.613] [INFO] logInfo - DB-执行查询语句成功！
sql:select  tp.id as id , tp.amount as amount, tp.intro as intro, tp.name as name, tp.leftAmount as leftAmount,
   tp.height as height, tp.width as width, tp.brand as brand, tp.oldPrice as oldPrice, 
   tp.picSrc as picSrc, tp.price as price  from t_product tp , t_productscale_product  pps  where pps.product_scale_id = ? and tp.id = pps.product_id   and  tp.status = 1 limit 0, 6
[2017-05-09 14:50:27.613] [INFO] logInfo - success
[2017-05-09 14:50:33.297] [INFO] logInfo - DB-执行查询语句成功！
sql:select *, tp.id as tpid, tp.intro as tpintro, tp.picSrc as tppicSrc, tp.name as tpname
     from t_product tp left JOIN t_shop ts on (ts.id = tp.shop_id) where tp.id = ?
[2017-05-09 14:50:33.298] [INFO] logInfo - success
[2017-05-09 14:50:46.042] [INFO] logInfo - DB-执行查询语句成功！
sql:select tp.id as id , tp.amount as amount, tp.intro as intro, tp.name as name, tp.leftAmount as leftAmount,
   tp.height as pagerSearchheight, tp.width as width, tp.brand as brand, tp.oldPrice as oldPrice, 
   tp.picSrc as picSrc, tp.price as price from t_product tp where tp.name like '%%' or  tp.intro like '%%' and  tp.status = 1 LIMIT 0,10
[2017-05-09 14:50:46.798] [INFO] logInfo - DB-执行查询语句成功！
sql:select count(*) from t_product tp where tp.name like '%%' or  tp.intro like '%%' and  tp.status = 1
[2017-05-09 14:50:58.839] [INFO] logInfo - DB-执行查询语句成功！
sql:SELECT *, top.status as order_status, tor.id as combine_id, top.id as order_product_id from t_order tor 
LEFT JOIN  t_order_product top on (tor.id = top.order_id) LEFT JOIN t_product tp on (tp.id = top.product_id) 
 WHERE tor.user_id = ? 
[2017-05-09 14:50:58.840] [INFO] logInfo - success
[2017-05-09 14:51:04.251] [INFO] logInfo - DB-执行查询语句成功！
sql:SELECT *, top.status as order_status, tp.name as pname, ts.user_id as saler_id, tp.picSrc as ppicSrc, tp.intro as pintro from t_order tor 
LEFT JOIN  t_order_product top on (tor.id = top.order_id) LEFT JOIN t_product tp on (tp.id = top.product_id)
 left JOIN t_shop ts on (ts.id = tp.shop_id)  WHERE tor.user_id = ? and tor.id = ? 
[2017-05-09 14:51:04.251] [INFO] logInfo - success
[2017-05-09 14:51:04.614] [INFO] logInfo - DB-执行查询语句成功！
sql:select   id as id , telephone as telephone , sex as sex , name as name , address as address , user_id as user_id  from t_address  where id = ?
[2017-05-09 14:51:04.614] [INFO] logInfo - success
[2017-05-09 14:51:07.853] [INFO] logInfo - DB-执行查询语句成功！
sql:SELECT *, top.status as order_status, tor.id as combine_id, top.id as order_product_id from t_order tor 
LEFT JOIN  t_order_product top on (tor.id = top.order_id) LEFT JOIN t_product tp on (tp.id = top.product_id) 
 WHERE tor.user_id = ? 
[2017-05-09 14:51:07.853] [INFO] logInfo - success
