[2017-04-08 15:13:22.018] [INFO] logInfo - DB-执行查询语句成功！
sql:select   telephone as telephone , create_date as create_date , email as email , password as password , userName as userName , picSrc as picSrc , type as type , status as status  from t_user  where telephone = ? and password = ?
[2017-04-08 15:13:22.019] [INFO] logInfo - success
[2017-04-08 15:13:38.385] [INFO] logInfo - pager success id 24
[2017-04-08 15:13:38.385] [INFO] logInfo - shopbyps by id 24
[2017-04-08 15:13:38.465] [INFO] logInfo - DB-执行查询语句成功！
sql:select id,  name, shop_id  from t_productscale tp where tp.shop_id = ?
[2017-04-08 15:13:38.466] [INFO] logInfo - success
[2017-04-08 15:13:38.535] [INFO] logInfo - DB-执行查询语句成功！
sql:select ts.id as id, ts.name as name, ts.picSrc as picSrc, ts.logoStr as logoStr, ts.intro as intro from t_shop ts where ts.id = ?
[2017-04-08 15:13:38.542] [INFO] logInfo - DB-执行查询语句成功！
sql:select  tp.id as id , tp.amount as amount, tp.intro as intro, tp.name as name, tp.leftAmount as leftAmount,
   tp.height as height, tp.width as width, tp.brand as brand, tp.oldPrice as oldPrice, 
   tp.picSrc as picSrc, tp.price as price  from t_product tp , t_productscale_product  pps  where pps.product_scale_id = ? and tp.id = pps.product_id   and  tp.status = 1 limit 0, 6
[2017-04-08 15:13:38.542] [INFO] logInfo - success
[2017-04-08 15:13:38.613] [INFO] logInfo - DB-执行查询语句成功！
sql:select  tp.id as id , tp.amount as amount, tp.intro as intro, tp.name as name, tp.leftAmount as leftAmount,
   tp.height as height, tp.width as width, tp.brand as brand, tp.oldPrice as oldPrice, 
   tp.picSrc as picSrc, tp.price as price  from t_product tp , t_productscale_product  pps  where pps.product_scale_id = ? and tp.id = pps.product_id   and  tp.status = 1 limit 0, 6
[2017-04-08 15:13:38.614] [INFO] logInfo - success
[2017-04-08 15:13:38.616] [INFO] logInfo - DB-执行查询语句成功！
sql:select  tp.id as id , tp.amount as amount, tp.intro as intro, tp.name as name, tp.leftAmount as leftAmount,
   tp.height as height, tp.width as width, tp.brand as brand, tp.oldPrice as oldPrice, 
   tp.picSrc as picSrc, tp.price as price  from t_product tp , t_productscale_product  pps  where pps.product_scale_id = ? and tp.id = pps.product_id   and  tp.status = 1 limit 0, 6
[2017-04-08 15:13:38.616] [INFO] logInfo - success
[2017-04-08 15:13:38.621] [INFO] logInfo - DB-执行查询语句成功！
sql:select  tp.id as id , tp.amount as amount, tp.intro as intro, tp.name as name, tp.leftAmount as leftAmount,
   tp.height as height, tp.width as width, tp.brand as brand, tp.oldPrice as oldPrice, 
   tp.picSrc as picSrc, tp.price as price  from t_product tp , t_productscale_product  pps  where pps.product_scale_id = ? and tp.id = pps.product_id   and  tp.status = 1 limit 0, 6
[2017-04-08 15:13:38.625] [INFO] logInfo - success
[2017-04-08 15:13:38.627] [INFO] logInfo - DB-执行查询语句成功！
sql:select  tp.id as id , tp.amount as amount, tp.intro as intro, tp.name as name, tp.leftAmount as leftAmount,
   tp.height as height, tp.width as width, tp.brand as brand, tp.oldPrice as oldPrice, 
   tp.picSrc as picSrc, tp.price as price  from t_product tp , t_productscale_product  pps  where pps.product_scale_id = ? and tp.id = pps.product_id   and  tp.status = 1 limit 0, 6
[2017-04-08 15:13:38.629] [INFO] logInfo - success
[2017-04-08 15:13:38.631] [INFO] logInfo - DB-执行查询语句成功！
sql:select  tp.id as id , tp.amount as amount, tp.intro as intro, tp.name as name, tp.leftAmount as leftAmount,
   tp.height as height, tp.width as width, tp.brand as brand, tp.oldPrice as oldPrice, 
   tp.picSrc as picSrc, tp.price as price  from t_product tp , t_productscale_product  pps  where pps.product_scale_id = ? and tp.id = pps.product_id   and  tp.status = 1 limit 0, 6
[2017-04-08 15:13:38.631] [INFO] logInfo - success
[2017-04-08 15:13:53.455] [INFO] logInfo - DB-执行查询语句成功！
sql:select   id as id , amount as amount , brand as brand , intro as intro , leftAmount as leftAmount , name as name , oldPrice as oldPrice , picSrc as picSrc , price as price , status as status , shop_id as shop_id  from t_product  where  id in  ("22","36")
[2017-04-08 15:13:53.456] [INFO] logInfo - success
[2017-04-08 15:14:12.311] [INFO] logInfo - pager success id 24
[2017-04-08 15:14:12.311] [INFO] logInfo - shopbyps by id 24
[2017-04-08 15:14:12.381] [INFO] logInfo - DB-执行查询语句成功！
sql:select id,  name, shop_id  from t_productscale tp where tp.shop_id = ?
[2017-04-08 15:14:12.382] [INFO] logInfo - success
[2017-04-08 15:14:12.385] [INFO] logInfo - DB-执行查询语句成功！
sql:select ts.id as id, ts.name as name, ts.picSrc as picSrc, ts.logoStr as logoStr, ts.intro as intro from t_shop ts where ts.id = ?
[2017-04-08 15:14:12.461] [INFO] logInfo - DB-执行查询语句成功！
sql:select  tp.id as id , tp.amount as amount, tp.intro as intro, tp.name as name, tp.leftAmount as leftAmount,
   tp.height as height, tp.width as width, tp.brand as brand, tp.oldPrice as oldPrice, 
   tp.picSrc as picSrc, tp.price as price  from t_product tp , t_productscale_product  pps  where pps.product_scale_id = ? and tp.id = pps.product_id   and  tp.status = 1 limit 0, 6
[2017-04-08 15:14:12.462] [INFO] logInfo - success
[2017-04-08 15:14:12.463] [INFO] logInfo - DB-执行查询语句成功！
sql:select  tp.id as id , tp.amount as amount, tp.intro as intro, tp.name as name, tp.leftAmount as leftAmount,
   tp.height as height, tp.width as width, tp.brand as brand, tp.oldPrice as oldPrice, 
   tp.picSrc as picSrc, tp.price as price  from t_product tp , t_productscale_product  pps  where pps.product_scale_id = ? and tp.id = pps.product_id   and  tp.status = 1 limit 0, 6
[2017-04-08 15:14:12.463] [INFO] logInfo - success
[2017-04-08 15:14:12.464] [INFO] logInfo - DB-执行查询语句成功！
sql:select  tp.id as id , tp.amount as amount, tp.intro as intro, tp.name as name, tp.leftAmount as leftAmount,
   tp.height as height, tp.width as width, tp.brand as brand, tp.oldPrice as oldPrice, 
   tp.picSrc as picSrc, tp.price as price  from t_product tp , t_productscale_product  pps  where pps.product_scale_id = ? and tp.id = pps.product_id   and  tp.status = 1 limit 0, 6
[2017-04-08 15:14:12.464] [INFO] logInfo - success
[2017-04-08 15:14:12.469] [INFO] logInfo - DB-执行查询语句成功！
sql:select  tp.id as id , tp.amount as amount, tp.intro as intro, tp.name as name, tp.leftAmount as leftAmount,
   tp.height as height, tp.width as width, tp.brand as brand, tp.oldPrice as oldPrice, 
   tp.picSrc as picSrc, tp.price as price  from t_product tp , t_productscale_product  pps  where pps.product_scale_id = ? and tp.id = pps.product_id   and  tp.status = 1 limit 0, 6
[2017-04-08 15:14:12.469] [INFO] logInfo - success
[2017-04-08 15:14:12.474] [INFO] logInfo - DB-执行查询语句成功！
sql:select  tp.id as id , tp.amount as amount, tp.intro as intro, tp.name as name, tp.leftAmount as leftAmount,
   tp.height as height, tp.width as width, tp.brand as brand, tp.oldPrice as oldPrice, 
   tp.picSrc as picSrc, tp.price as price  from t_product tp , t_productscale_product  pps  where pps.product_scale_id = ? and tp.id = pps.product_id   and  tp.status = 1 limit 0, 6
[2017-04-08 15:14:12.474] [INFO] logInfo - success
[2017-04-08 15:14:12.477] [INFO] logInfo - DB-执行查询语句成功！
sql:select  tp.id as id , tp.amount as amount, tp.intro as intro, tp.name as name, tp.leftAmount as leftAmount,
   tp.height as height, tp.width as width, tp.brand as brand, tp.oldPrice as oldPrice, 
   tp.picSrc as picSrc, tp.price as price  from t_product tp , t_productscale_product  pps  where pps.product_scale_id = ? and tp.id = pps.product_id   and  tp.status = 1 limit 0, 6
[2017-04-08 15:14:12.478] [INFO] logInfo - success
[2017-04-08 15:14:14.646] [INFO] logInfo - pager success id 24
[2017-04-08 15:14:14.646] [INFO] logInfo - shopbyps by id 24
[2017-04-08 15:14:14.729] [INFO] logInfo - DB-执行查询语句成功！
sql:select ts.id as id, ts.name as name, ts.picSrc as picSrc, ts.logoStr as logoStr, ts.intro as intro from t_shop ts where ts.id = ?
[2017-04-08 15:14:14.731] [INFO] logInfo - DB-执行查询语句成功！
sql:select id,  name, shop_id  from t_productscale tp where tp.shop_id = ?
[2017-04-08 15:14:14.732] [INFO] logInfo - success
[2017-04-08 15:14:14.804] [INFO] logInfo - DB-执行查询语句成功！
sql:select  tp.id as id , tp.amount as amount, tp.intro as intro, tp.name as name, tp.leftAmount as leftAmount,
   tp.height as height, tp.width as width, tp.brand as brand, tp.oldPrice as oldPrice, 
   tp.picSrc as picSrc, tp.price as price  from t_product tp , t_productscale_product  pps  where pps.product_scale_id = ? and tp.id = pps.product_id   and  tp.status = 1 limit 0, 6
[2017-04-08 15:14:14.805] [INFO] logInfo - success
[2017-04-08 15:14:14.810] [INFO] logInfo - DB-执行查询语句成功！
sql:select  tp.id as id , tp.amount as amount, tp.intro as intro, tp.name as name, tp.leftAmount as leftAmount,
   tp.height as height, tp.width as width, tp.brand as brand, tp.oldPrice as oldPrice, 
   tp.picSrc as picSrc, tp.price as price  from t_product tp , t_productscale_product  pps  where pps.product_scale_id = ? and tp.id = pps.product_id   and  tp.status = 1 limit 0, 6
[2017-04-08 15:14:14.811] [INFO] logInfo - success
[2017-04-08 15:14:14.812] [INFO] logInfo - DB-执行查询语句成功！
sql:select  tp.id as id , tp.amount as amount, tp.intro as intro, tp.name as name, tp.leftAmount as leftAmount,
   tp.height as height, tp.width as width, tp.brand as brand, tp.oldPrice as oldPrice, 
   tp.picSrc as picSrc, tp.price as price  from t_product tp , t_productscale_product  pps  where pps.product_scale_id = ? and tp.id = pps.product_id   and  tp.status = 1 limit 0, 6
[2017-04-08 15:14:14.814] [INFO] logInfo - success
[2017-04-08 15:14:14.814] [INFO] logInfo - DB-执行查询语句成功！
sql:select  tp.id as id , tp.amount as amount, tp.intro as intro, tp.name as name, tp.leftAmount as leftAmount,
   tp.height as height, tp.width as width, tp.brand as brand, tp.oldPrice as oldPrice, 
   tp.picSrc as picSrc, tp.price as price  from t_product tp , t_productscale_product  pps  where pps.product_scale_id = ? and tp.id = pps.product_id   and  tp.status = 1 limit 0, 6
[2017-04-08 15:14:14.815] [INFO] logInfo - success
[2017-04-08 15:14:14.817] [INFO] logInfo - DB-执行查询语句成功！
sql:select  tp.id as id , tp.amount as amount, tp.intro as intro, tp.name as name, tp.leftAmount as leftAmount,
   tp.height as height, tp.width as width, tp.brand as brand, tp.oldPrice as oldPrice, 
   tp.picSrc as picSrc, tp.price as price  from t_product tp , t_productscale_product  pps  where pps.product_scale_id = ? and tp.id = pps.product_id   and  tp.status = 1 limit 0, 6
[2017-04-08 15:14:14.817] [INFO] logInfo - success
[2017-04-08 15:14:14.820] [INFO] logInfo - DB-执行查询语句成功！
sql:select  tp.id as id , tp.amount as amount, tp.intro as intro, tp.name as name, tp.leftAmount as leftAmount,
   tp.height as height, tp.width as width, tp.brand as brand, tp.oldPrice as oldPrice, 
   tp.picSrc as picSrc, tp.price as price  from t_product tp , t_productscale_product  pps  where pps.product_scale_id = ? and tp.id = pps.product_id   and  tp.status = 1 limit 0, 6
[2017-04-08 15:14:14.820] [INFO] logInfo - success
[2017-04-08 15:14:27.535] [INFO] logInfo - DB-执行查询语句成功！
sql:select   id as id , amount as amount , brand as brand , intro as intro , leftAmount as leftAmount , name as name , oldPrice as oldPrice , picSrc as picSrc , price as price , status as status , shop_id as shop_id  from t_product  where  id in  ("23","25","26")
[2017-04-08 15:14:27.536] [INFO] logInfo - success
[2017-04-08 15:23:00.138] [INFO] logInfo - DB-执行查询语句成功！
sql:insert into t_address (user_id,name,sex,telephone,address) values (?,?,?,?,?)
[2017-04-08 15:23:00.140] [INFO] logInfo - success
[2017-04-08 15:23:00.240] [INFO] logInfo - DB-执行查询语句成功！
sql:select   id as id , telephone as telephone , sex as sex , name as name , address as address , user_id as user_id  from t_address  where user_id = ?
[2017-04-08 15:23:00.241] [INFO] logInfo - success
[2017-04-08 15:23:04.274] [INFO] logInfo - DB-执行查询语句成功！
sql:select   id as id , telephone as telephone , sex as sex , name as name , address as address , user_id as user_id  from t_address  where user_id = ?
[2017-04-08 15:23:04.275] [INFO] logInfo - success
[2017-04-08 15:23:09.290] [INFO] logInfo - DB-执行查询语句成功！
sql:insert into t_address (user_id,name,sex,telephone,address) values (?,?,?,?,?)
[2017-04-08 15:23:09.291] [INFO] logInfo - success
[2017-04-08 15:23:11.081] [INFO] logInfo - DB-执行查询语句成功！
sql:select   id as id , telephone as telephone , sex as sex , name as name , address as address , user_id as user_id  from t_address  where user_id = ?
[2017-04-08 15:23:11.082] [INFO] logInfo - success
[2017-04-08 15:23:19.310] [INFO] logInfo - DB-执行查询语句成功！
sql:select   id as id , telephone as telephone , sex as sex , name as name , address as address , user_id as user_id  from t_address  where user_id = ?
[2017-04-08 15:23:19.310] [INFO] logInfo - success
[2017-04-08 15:23:21.155] [INFO] logInfo - DB-执行查询语句成功！
sql:select   id as id , telephone as telephone , sex as sex , name as name , address as address , user_id as user_id  from t_address  where user_id = ?
[2017-04-08 15:23:21.155] [INFO] logInfo - success
[2017-04-08 15:25:04.027] [INFO] logInfo - DB-执行查询语句成功！
sql:select   id as id , telephone as telephone , sex as sex , name as name , address as address , user_id as user_id  from t_address  where user_id = ?
[2017-04-08 15:25:04.029] [INFO] logInfo - success
[2017-04-08 15:25:05.961] [INFO] logInfo - DB-执行查询语句成功！
sql:select   id as id , amount as amount , brand as brand , intro as intro , leftAmount as leftAmount , name as name , oldPrice as oldPrice , picSrc as picSrc , price as price , status as status , shop_id as shop_id  from t_product  where  id in  ("23","25","26")
[2017-04-08 15:25:05.963] [INFO] logInfo - success
[2017-04-08 15:25:07.654] [INFO] logInfo - DB-执行查询语句成功！
sql:select   id as id , amount as amount , brand as brand , intro as intro , leftAmount as leftAmount , name as name , oldPrice as oldPrice , picSrc as picSrc , price as price , status as status , shop_id as shop_id  from t_product  where  id in  ("23","25","26")
[2017-04-08 15:25:07.655] [INFO] logInfo - success
[2017-04-08 15:25:09.358] [INFO] logInfo - DB-执行查询语句成功！
sql:select   id as id , telephone as telephone , sex as sex , name as name , address as address , user_id as user_id  from t_address  where user_id = ?
[2017-04-08 15:25:09.359] [INFO] logInfo - success
[2017-04-08 15:25:30.196] [INFO] logInfo - DB-执行查询语句成功！
sql:select   id as id , telephone as telephone , sex as sex , name as name , address as address , user_id as user_id  from t_address  where user_id = ?
[2017-04-08 15:25:30.196] [INFO] logInfo - success
[2017-04-08 15:25:34.809] [INFO] logInfo - DB-执行查询语句成功！
sql:select   id as id , amount as amount , brand as brand , intro as intro , leftAmount as leftAmount , name as name , oldPrice as oldPrice , picSrc as picSrc , price as price , status as status , shop_id as shop_id  from t_product  where  id in  ("23","25","26")
[2017-04-08 15:25:34.809] [INFO] logInfo - success
[2017-04-08 15:25:38.877] [INFO] logInfo - DB-执行查询语句成功！
sql:insert into t_order (id,user_id) values (?,?)
[2017-04-08 15:25:38.878] [INFO] logInfo - success
[2017-04-08 15:25:38.961] [INFO] logInfo - DB-执行查询语句成功！
sql:insert into t_order_product (order_id,user_id,product_id,shop_id,address_id,count) values (?,?,?,?,?,?)
[2017-04-08 15:25:38.961] [INFO] logInfo - success
[2017-04-08 15:25:39.027] [INFO] logInfo - DB-执行查询语句成功！
sql:insert into t_order_product (order_id,user_id,product_id,shop_id,address_id,count) values (?,?,?,?,?,?)
[2017-04-08 15:25:39.027] [INFO] logInfo - success
[2017-04-08 15:25:39.041] [INFO] logInfo - DB-执行查询语句成功！
sql:insert into t_order_product (order_id,user_id,product_id,shop_id,address_id,count) values (?,?,?,?,?,?)
[2017-04-08 15:25:39.042] [INFO] logInfo - success
[2017-04-08 15:52:48.789] [INFO] logInfo - pager success id null
[2017-04-08 15:52:48.790] [INFO] logInfo - shopbyps by id null
[2017-04-08 15:52:53.594] [INFO] logInfo - pager success id 24
[2017-04-08 15:52:53.594] [INFO] logInfo - shopbyps by id 24
[2017-04-08 15:52:53.745] [INFO] logInfo - DB-执行查询语句成功！
sql:select ts.id as id, ts.name as name, ts.picSrc as picSrc, ts.logoStr as logoStr, ts.intro as intro from t_shop ts where ts.id = ?
[2017-04-08 15:52:58.887] [INFO] logInfo - DB-执行查询语句成功！
sql:select id,  name, shop_id  from t_productscale tp where tp.shop_id = ?
[2017-04-08 15:52:58.887] [INFO] logInfo - success
[2017-04-08 15:52:58.962] [INFO] logInfo - DB-执行查询语句成功！
sql:select ts.id as id, ts.name as name, ts.picSrc as picSrc, ts.logoStr as logoStr, ts.intro as intro from t_shop ts where ts.id = ?
[2017-04-08 15:53:05.781] [INFO] logInfo - pager success id 24
[2017-04-08 15:53:05.785] [INFO] logInfo - shopbyps by id 24
[2017-04-08 15:53:05.949] [INFO] logInfo - DB-执行查询语句成功！
sql:select id,  name, shop_id  from t_productscale tp where tp.shop_id = ?
[2017-04-08 15:53:05.950] [INFO] logInfo - success
[2017-04-08 15:53:05.953] [INFO] logInfo - DB-执行查询语句成功！
sql:select ts.id as id, ts.name as name, ts.picSrc as picSrc, ts.logoStr as logoStr, ts.intro as intro from t_shop ts where ts.id = ?
[2017-04-08 15:53:06.020] [INFO] logInfo - DB-执行查询语句成功！
sql:select  tp.id as id , tp.amount as amount, tp.intro as intro, tp.name as name, tp.leftAmount as leftAmount,
   tp.height as height, tp.width as width, tp.brand as brand, tp.oldPrice as oldPrice, 
   tp.picSrc as picSrc, tp.price as price  from t_product tp , t_productscale_product  pps  where pps.product_scale_id = ? and tp.id = pps.product_id   and  tp.status = 1 limit 0, 6
[2017-04-08 15:53:06.021] [INFO] logInfo - success
[2017-04-08 15:53:06.094] [INFO] logInfo - DB-执行查询语句成功！
sql:select  tp.id as id , tp.amount as amount, tp.intro as intro, tp.name as name, tp.leftAmount as leftAmount,
   tp.height as height, tp.width as width, tp.brand as brand, tp.oldPrice as oldPrice, 
   tp.picSrc as picSrc, tp.price as price  from t_product tp , t_productscale_product  pps  where pps.product_scale_id = ? and tp.id = pps.product_id   and  tp.status = 1 limit 0, 6
[2017-04-08 15:53:06.094] [INFO] logInfo - success
[2017-04-08 15:53:06.095] [INFO] logInfo - DB-执行查询语句成功！
sql:select  tp.id as id , tp.amount as amount, tp.intro as intro, tp.name as name, tp.leftAmount as leftAmount,
   tp.height as height, tp.width as width, tp.brand as brand, tp.oldPrice as oldPrice, 
   tp.picSrc as picSrc, tp.price as price  from t_product tp , t_productscale_product  pps  where pps.product_scale_id = ? and tp.id = pps.product_id   and  tp.status = 1 limit 0, 6
[2017-04-08 15:53:06.095] [INFO] logInfo - success
[2017-04-08 15:53:06.098] [INFO] logInfo - DB-执行查询语句成功！
sql:select  tp.id as id , tp.amount as amount, tp.intro as intro, tp.name as name, tp.leftAmount as leftAmount,
   tp.height as height, tp.width as width, tp.brand as brand, tp.oldPrice as oldPrice, 
   tp.picSrc as picSrc, tp.price as price  from t_product tp , t_productscale_product  pps  where pps.product_scale_id = ? and tp.id = pps.product_id   and  tp.status = 1 limit 0, 6
[2017-04-08 15:53:06.099] [INFO] logInfo - success
[2017-04-08 15:53:06.104] [INFO] logInfo - DB-执行查询语句成功！
sql:select  tp.id as id , tp.amount as amount, tp.intro as intro, tp.name as name, tp.leftAmount as leftAmount,
   tp.height as height, tp.width as width, tp.brand as brand, tp.oldPrice as oldPrice, 
   tp.picSrc as picSrc, tp.price as price  from t_product tp , t_productscale_product  pps  where pps.product_scale_id = ? and tp.id = pps.product_id   and  tp.status = 1 limit 0, 6
[2017-04-08 15:53:06.105] [INFO] logInfo - success
[2017-04-08 15:53:06.107] [INFO] logInfo - DB-执行查询语句成功！
sql:select  tp.id as id , tp.amount as amount, tp.intro as intro, tp.name as name, tp.leftAmount as leftAmount,
   tp.height as height, tp.width as width, tp.brand as brand, tp.oldPrice as oldPrice, 
   tp.picSrc as picSrc, tp.price as price  from t_product tp , t_productscale_product  pps  where pps.product_scale_id = ? and tp.id = pps.product_id   and  tp.status = 1 limit 0, 6
[2017-04-08 15:53:06.108] [INFO] logInfo - success
[2017-04-08 15:59:44.104] [INFO] logInfo - pager success id 24ps22
[2017-04-08 15:59:44.107] [INFO] logInfo - shopbyps by id 24ps22
[2017-04-08 16:00:12.491] [INFO] logInfo - pager success id 24ps22
[2017-04-08 16:00:12.492] [INFO] logInfo - shopbyps by id 24ps22
[2017-04-08 16:00:12.663] [INFO] logInfo - DB-执行查询语句成功！
sql:select ts.id as id, ts.name as name, ts.picSrc as picSrc, ts.logoStr as logoStr, ts.intro as intro from t_shop ts where ts.id = ?
[2017-04-08 16:00:14.201] [INFO] logInfo - DB-执行查询语句成功！
sql:select id,  name, shop_id  from t_productscale tp where tp.shop_id = ?
[2017-04-08 16:00:14.202] [INFO] logInfo - success
[2017-04-08 16:00:14.258] [INFO] logInfo - DB-执行查询语句成功！
sql:select ts.id as id, ts.name as name, ts.picSrc as picSrc, ts.logoStr as logoStr, ts.intro as intro from t_shop ts where ts.id = ?
[2017-04-08 16:00:14.285] [INFO] logInfo - DB-执行查询语句成功！
sql:select  tp.id as id , tp.amount as amount, tp.intro as intro, tp.name as name, tp.leftAmount as leftAmount,
   tp.height as height, tp.width as width, tp.brand as brand, tp.oldPrice as oldPrice, 
   tp.picSrc as picSrc, tp.price as price  from t_product tp , t_productscale_product  pps  where pps.product_scale_id = ? and tp.id = pps.product_id   and  tp.status = 1 limit 0, 6
[2017-04-08 16:00:14.285] [INFO] logInfo - success
[2017-04-08 16:00:14.339] [INFO] logInfo - DB-执行查询语句成功！
sql:select  tp.id as id , tp.amount as amount, tp.intro as intro, tp.name as name, tp.leftAmount as leftAmount,
   tp.height as height, tp.width as width, tp.brand as brand, tp.oldPrice as oldPrice, 
   tp.picSrc as picSrc, tp.price as price  from t_product tp , t_productscale_product  pps  where pps.product_scale_id = ? and tp.id = pps.product_id   and  tp.status = 1 limit 0, 6
[2017-04-08 16:00:14.340] [INFO] logInfo - success
[2017-04-08 16:00:14.346] [INFO] logInfo - DB-执行查询语句成功！
sql:select  tp.id as id , tp.amount as amount, tp.intro as intro, tp.name as name, tp.leftAmount as leftAmount,
   tp.height as height, tp.width as width, tp.brand as brand, tp.oldPrice as oldPrice, 
   tp.picSrc as picSrc, tp.price as price  from t_product tp , t_productscale_product  pps  where pps.product_scale_id = ? and tp.id = pps.product_id   and  tp.status = 1 limit 0, 6
[2017-04-08 16:00:14.346] [INFO] logInfo - success
[2017-04-08 16:00:14.348] [INFO] logInfo - DB-执行查询语句成功！
sql:select  tp.id as id , tp.amount as amount, tp.intro as intro, tp.name as name, tp.leftAmount as leftAmount,
   tp.height as height, tp.width as width, tp.brand as brand, tp.oldPrice as oldPrice, 
   tp.picSrc as picSrc, tp.price as price  from t_product tp , t_productscale_product  pps  where pps.product_scale_id = ? and tp.id = pps.product_id   and  tp.status = 1 limit 0, 6
[2017-04-08 16:00:14.349] [INFO] logInfo - success
[2017-04-08 16:00:14.349] [INFO] logInfo - DB-执行查询语句成功！
sql:select  tp.id as id , tp.amount as amount, tp.intro as intro, tp.name as name, tp.leftAmount as leftAmount,
   tp.height as height, tp.width as width, tp.brand as brand, tp.oldPrice as oldPrice, 
   tp.picSrc as picSrc, tp.price as price  from t_product tp , t_productscale_product  pps  where pps.product_scale_id = ? and tp.id = pps.product_id   and  tp.status = 1 limit 0, 6
[2017-04-08 16:00:14.350] [INFO] logInfo - success
[2017-04-08 16:00:14.351] [INFO] logInfo - DB-执行查询语句成功！
sql:select  tp.id as id , tp.amount as amount, tp.intro as intro, tp.name as name, tp.leftAmount as leftAmount,
   tp.height as height, tp.width as width, tp.brand as brand, tp.oldPrice as oldPrice, 
   tp.picSrc as picSrc, tp.price as price  from t_product tp , t_productscale_product  pps  where pps.product_scale_id = ? and tp.id = pps.product_id   and  tp.status = 1 limit 0, 6
[2017-04-08 16:00:14.351] [INFO] logInfo - success
[2017-04-08 16:00:22.564] [INFO] logInfo - DB-执行查询语句成功！
sql:select id,  name, shop_id  from t_productscale tp where tp.shop_id = ?
[2017-04-08 16:00:22.564] [INFO] logInfo - success
[2017-04-08 16:00:22.633] [INFO] logInfo - DB-执行查询语句成功！
sql:select  tp.id as id , tp.amount as amount, tp.intro as intro, tp.name as name, tp.leftAmount as leftAmount,
   tp.height as height, tp.width as width, tp.brand as brand, tp.oldPrice as oldPrice, 
   tp.picSrc as picSrc, tp.price as price  from t_product tp , t_productscale_product  pps  where pps.product_scale_id = ? and tp.id = pps.product_id   and  tp.status = 1 limit 0, 6
[2017-04-08 16:00:22.634] [INFO] logInfo - success
[2017-04-08 16:00:22.635] [INFO] logInfo - DB-执行查询语句成功！
sql:select  tp.id as id , tp.amount as amount, tp.intro as intro, tp.name as name, tp.leftAmount as leftAmount,
   tp.height as height, tp.width as width, tp.brand as brand, tp.oldPrice as oldPrice, 
   tp.picSrc as picSrc, tp.price as price  from t_product tp , t_productscale_product  pps  where pps.product_scale_id = ? and tp.id = pps.product_id   and  tp.status = 1 limit 0, 6
[2017-04-08 16:00:22.635] [INFO] logInfo - success
[2017-04-08 16:00:22.636] [INFO] logInfo - DB-执行查询语句成功！
sql:select  tp.id as id , tp.amount as amount, tp.intro as intro, tp.name as name, tp.leftAmount as leftAmount,
   tp.height as height, tp.width as width, tp.brand as brand, tp.oldPrice as oldPrice, 
   tp.picSrc as picSrc, tp.price as price  from t_product tp , t_productscale_product  pps  where pps.product_scale_id = ? and tp.id = pps.product_id   and  tp.status = 1 limit 0, 6
[2017-04-08 16:00:22.636] [INFO] logInfo - success
[2017-04-08 16:00:22.881] [INFO] logInfo - DB-执行查询语句成功！
sql:select  tp.id as id , tp.amount as amount, tp.intro as intro, tp.name as name, tp.leftAmount as leftAmount,
   tp.height as height, tp.width as width, tp.brand as brand, tp.oldPrice as oldPrice, 
   tp.picSrc as picSrc, tp.price as price  from t_product tp , t_productscale_product  pps  where pps.product_scale_id = ? and tp.id = pps.product_id   and  tp.status = 1 limit 0, 6
[2017-04-08 16:00:22.881] [INFO] logInfo - success
[2017-04-08 16:00:22.882] [INFO] logInfo - DB-执行查询语句成功！
sql:select  tp.id as id , tp.amount as amount, tp.intro as intro, tp.name as name, tp.leftAmount as leftAmount,
   tp.height as height, tp.width as width, tp.brand as brand, tp.oldPrice as oldPrice, 
   tp.picSrc as picSrc, tp.price as price  from t_product tp , t_productscale_product  pps  where pps.product_scale_id = ? and tp.id = pps.product_id   and  tp.status = 1 limit 0, 6
[2017-04-08 16:00:22.882] [INFO] logInfo - success
[2017-04-08 16:00:22.889] [INFO] logInfo - DB-执行查询语句成功！
sql:select  tp.id as id , tp.amount as amount, tp.intro as intro, tp.name as name, tp.leftAmount as leftAmount,
   tp.height as height, tp.width as width, tp.brand as brand, tp.oldPrice as oldPrice, 
   tp.picSrc as picSrc, tp.price as price  from t_product tp , t_productscale_product  pps  where pps.product_scale_id = ? and tp.id = pps.product_id   and  tp.status = 1 limit 0, 6
[2017-04-08 16:00:22.889] [INFO] logInfo - success
[2017-04-08 16:01:06.375] [INFO] logInfo - pager success id 24ps22
[2017-04-08 16:01:06.376] [INFO] logInfo - shopbyps by id 24ps22
[2017-04-08 16:01:06.547] [INFO] logInfo - DB-执行查询语句成功！
sql:select id,  name, shop_id  from t_productscale tp where tp.shop_id = ?
[2017-04-08 16:01:06.548] [INFO] logInfo - success
[2017-04-08 16:01:06.560] [INFO] logInfo - DB-执行查询语句成功！
sql:select ts.id as id, ts.name as name, ts.picSrc as picSrc, ts.logoStr as logoStr, ts.intro as intro from t_shop ts where ts.id = ?
[2017-04-08 16:01:06.635] [INFO] logInfo - DB-执行查询语句成功！
sql:select  tp.id as id , tp.amount as amount, tp.intro as intro, tp.name as name, tp.leftAmount as leftAmount,
   tp.height as height, tp.width as width, tp.brand as brand, tp.oldPrice as oldPrice, 
   tp.picSrc as picSrc, tp.price as price  from t_product tp , t_productscale_product  pps  where pps.product_scale_id = ? and tp.id = pps.product_id   and  tp.status = 1 limit 0, 6
[2017-04-08 16:01:06.635] [INFO] logInfo - success
[2017-04-08 16:01:06.695] [INFO] logInfo - DB-执行查询语句成功！
sql:select  tp.id as id , tp.amount as amount, tp.intro as intro, tp.name as name, tp.leftAmount as leftAmount,
   tp.height as height, tp.width as width, tp.brand as brand, tp.oldPrice as oldPrice, 
   tp.picSrc as picSrc, tp.price as price  from t_product tp , t_productscale_product  pps  where pps.product_scale_id = ? and tp.id = pps.product_id   and  tp.status = 1 limit 0, 6
[2017-04-08 16:01:06.695] [INFO] logInfo - success
[2017-04-08 16:01:06.700] [INFO] logInfo - DB-执行查询语句成功！
sql:select  tp.id as id , tp.amount as amount, tp.intro as intro, tp.name as name, tp.leftAmount as leftAmount,
   tp.height as height, tp.width as width, tp.brand as brand, tp.oldPrice as oldPrice, 
   tp.picSrc as picSrc, tp.price as price  from t_product tp , t_productscale_product  pps  where pps.product_scale_id = ? and tp.id = pps.product_id   and  tp.status = 1 limit 0, 6
[2017-04-08 16:01:06.701] [INFO] logInfo - success
[2017-04-08 16:01:06.706] [INFO] logInfo - DB-执行查询语句成功！
sql:select  tp.id as id , tp.amount as amount, tp.intro as intro, tp.name as name, tp.leftAmount as leftAmount,
   tp.height as height, tp.width as width, tp.brand as brand, tp.oldPrice as oldPrice, 
   tp.picSrc as picSrc, tp.price as price  from t_product tp , t_productscale_product  pps  where pps.product_scale_id = ? and tp.id = pps.product_id   and  tp.status = 1 limit 0, 6
[2017-04-08 16:01:06.706] [INFO] logInfo - success
[2017-04-08 16:01:06.711] [INFO] logInfo - DB-执行查询语句成功！
sql:select  tp.id as id , tp.amount as amount, tp.intro as intro, tp.name as name, tp.leftAmount as leftAmount,
   tp.height as height, tp.width as width, tp.brand as brand, tp.oldPrice as oldPrice, 
   tp.picSrc as picSrc, tp.price as price  from t_product tp , t_productscale_product  pps  where pps.product_scale_id = ? and tp.id = pps.product_id   and  tp.status = 1 limit 0, 6
[2017-04-08 16:01:06.712] [INFO] logInfo - success
[2017-04-08 16:01:06.719] [INFO] logInfo - DB-执行查询语句成功！
sql:select  tp.id as id , tp.amount as amount, tp.intro as intro, tp.name as name, tp.leftAmount as leftAmount,
   tp.height as height, tp.width as width, tp.brand as brand, tp.oldPrice as oldPrice, 
   tp.picSrc as picSrc, tp.price as price  from t_product tp , t_productscale_product  pps  where pps.product_scale_id = ? and tp.id = pps.product_id   and  tp.status = 1 limit 0, 6
[2017-04-08 16:01:06.719] [INFO] logInfo - success
[2017-04-08 16:01:32.807] [INFO] logInfo - DB-执行查询语句成功！
sql:select   id as id , amount as amount , brand as brand , intro as intro , leftAmount as leftAmount , name as name , oldPrice as oldPrice , picSrc as picSrc , price as price , status as status , shop_id as shop_id  from t_product  where  id in  ("22","23","24","25","27","36")
[2017-04-08 16:01:32.808] [INFO] logInfo - success
[2017-04-08 16:01:43.308] [INFO] logInfo - DB-执行查询语句成功！
sql:select   id as id , telephone as telephone , sex as sex , name as name , address as address , user_id as user_id  from t_address  where user_id = ?
[2017-04-08 16:01:43.308] [INFO] logInfo - success
[2017-04-08 16:01:44.291] [INFO] logInfo - DB-执行查询语句成功！
sql:select   id as id , amount as amount , brand as brand , intro as intro , leftAmount as leftAmount , name as name , oldPrice as oldPrice , picSrc as picSrc , price as price , status as status , shop_id as shop_id  from t_product  where  id in  ("22","23","24","25","27","36")
[2017-04-08 16:01:44.291] [INFO] logInfo - success
[2017-04-08 16:01:48.358] [INFO] logInfo - DB-执行查询语句成功！
sql:select   id as id , telephone as telephone , sex as sex , name as name , address as address , user_id as user_id  from t_address  where user_id = ?
[2017-04-08 16:01:48.358] [INFO] logInfo - success
[2017-04-08 16:01:50.039] [INFO] logInfo - DB-执行查询语句成功！
sql:select   id as id , amount as amount , brand as brand , intro as intro , leftAmount as leftAmount , name as name , oldPrice as oldPrice , picSrc as picSrc , price as price , status as status , shop_id as shop_id  from t_product  where  id in  ("22","23","24","25","27","36")
[2017-04-08 16:01:50.040] [INFO] logInfo - success
[2017-04-08 16:02:26.336] [INFO] logInfo - DB-执行查询语句成功！
sql:select   id as id , telephone as telephone , sex as sex , name as name , address as address , user_id as user_id  from t_address  where user_id = ?
[2017-04-08 16:02:26.337] [INFO] logInfo - success
[2017-04-08 16:02:28.803] [INFO] logInfo - DB-执行查询语句成功！
sql:select   id as id , amount as amount , brand as brand , intro as intro , leftAmount as leftAmount , name as name , oldPrice as oldPrice , picSrc as picSrc , price as price , status as status , shop_id as shop_id  from t_product  where  id in  ("22","23","24","25","27","36")
[2017-04-08 16:02:28.803] [INFO] logInfo - success
[2017-04-08 16:02:41.634] [INFO] logInfo - DB-执行查询语句成功！
sql:select   id as id , telephone as telephone , sex as sex , name as name , address as address , user_id as user_id  from t_address  where user_id = ?
[2017-04-08 16:02:41.634] [INFO] logInfo - success
[2017-04-08 16:02:44.236] [INFO] logInfo - DB-执行查询语句成功！
sql:select   id as id , amount as amount , brand as brand , intro as intro , leftAmount as leftAmount , name as name , oldPrice as oldPrice , picSrc as picSrc , price as price , status as status , shop_id as shop_id  from t_product  where  id in  ("22","23","24","25","27","36")
[2017-04-08 16:02:44.237] [INFO] logInfo - success
[2017-04-08 16:02:52.758] [INFO] logInfo - DB-执行查询语句成功！
sql:select   id as id , telephone as telephone , sex as sex , name as name , address as address , user_id as user_id  from t_address  where user_id = ?
[2017-04-08 16:02:52.758] [INFO] logInfo - success
[2017-04-08 16:02:54.528] [INFO] logInfo - DB-执行查询语句成功！
sql:select   id as id , amount as amount , brand as brand , intro as intro , leftAmount as leftAmount , name as name , oldPrice as oldPrice , picSrc as picSrc , price as price , status as status , shop_id as shop_id  from t_product  where  id in  ("22","23","24","25","27","36")
[2017-04-08 16:02:54.528] [INFO] logInfo - success
[2017-04-08 16:02:55.310] [INFO] logInfo - DB-执行查询语句成功！
sql:select   id as id , telephone as telephone , sex as sex , name as name , address as address , user_id as user_id  from t_address  where user_id = ?
[2017-04-08 16:02:55.310] [INFO] logInfo - success
[2017-04-08 16:07:10.568] [INFO] logInfo - DB-执行查询语句成功！
sql:select   id as id , amount as amount , brand as brand , intro as intro , leftAmount as leftAmount , name as name , oldPrice as oldPrice , picSrc as picSrc , price as price , status as status , shop_id as shop_id  from t_product  where  id in  ("22","23","24","25","27","36")
[2017-04-08 16:07:10.568] [INFO] logInfo - success
[2017-04-08 16:07:11.477] [INFO] logInfo - DB-执行查询语句成功！
sql:select   id as id , amount as amount , brand as brand , intro as intro , leftAmount as leftAmount , name as name , oldPrice as oldPrice , picSrc as picSrc , price as price , status as status , shop_id as shop_id  from t_product  where  id in  ("22","23","24","25","27","36")
[2017-04-08 16:07:11.477] [INFO] logInfo - success
[2017-04-08 16:07:14.196] [INFO] logInfo - DB-执行查询语句成功！
sql:select   id as id , amount as amount , brand as brand , intro as intro , leftAmount as leftAmount , name as name , oldPrice as oldPrice , picSrc as picSrc , price as price , status as status , shop_id as shop_id  from t_product  where  id in  ("22","23","24","25","27","36")
[2017-04-08 16:07:14.197] [INFO] logInfo - success
[2017-04-08 16:07:15.505] [INFO] logInfo - DB-执行查询语句成功！
sql:select   id as id , amount as amount , brand as brand , intro as intro , leftAmount as leftAmount , name as name , oldPrice as oldPrice , picSrc as picSrc , price as price , status as status , shop_id as shop_id  from t_product  where  id in  ("22","23","24","25","27","36")
[2017-04-08 16:07:15.505] [INFO] logInfo - success
[2017-04-08 16:07:17.859] [INFO] logInfo - DB-执行查询语句成功！
sql:select   id as id , amount as amount , brand as brand , intro as intro , leftAmount as leftAmount , name as name , oldPrice as oldPrice , picSrc as picSrc , price as price , status as status , shop_id as shop_id  from t_product  where  id in  ("22","23","24","25","27","36")
[2017-04-08 16:07:17.859] [INFO] logInfo - success
[2017-04-08 16:07:19.315] [INFO] logInfo - DB-执行查询语句成功！
sql:select   id as id , telephone as telephone , sex as sex , name as name , address as address , user_id as user_id  from t_address  where user_id = ?
[2017-04-08 16:07:19.316] [INFO] logInfo - success
[2017-04-08 16:07:20.420] [INFO] logInfo - DB-执行查询语句成功！
sql:select   id as id , telephone as telephone , sex as sex , name as name , address as address , user_id as user_id  from t_address  where user_id = ?
[2017-04-08 16:07:20.420] [INFO] logInfo - success
[2017-04-08 16:07:21.388] [INFO] logInfo - DB-执行查询语句成功！
sql:select   id as id , amount as amount , brand as brand , intro as intro , leftAmount as leftAmount , name as name , oldPrice as oldPrice , picSrc as picSrc , price as price , status as status , shop_id as shop_id  from t_product  where  id in  ("22","23","24","25","27","36")
[2017-04-08 16:07:21.389] [INFO] logInfo - success
[2017-04-08 16:07:24.406] [INFO] logInfo - DB-执行查询语句成功！
sql:insert into t_order (id,user_id) values (?,?)
[2017-04-08 16:07:24.406] [INFO] logInfo - success
[2017-04-08 16:07:24.481] [INFO] logInfo - DB-执行查询语句成功！
sql:insert into t_order_product (order_id,user_id,product_id,shop_id,address_id,count) values (?,?,?,?,?,?)
[2017-04-08 16:07:24.484] [INFO] logInfo - success
[2017-04-08 16:07:24.546] [INFO] logInfo - DB-执行查询语句成功！
sql:insert into t_order_product (order_id,user_id,product_id,shop_id,address_id,count) values (?,?,?,?,?,?)
[2017-04-08 16:07:24.546] [INFO] logInfo - success
[2017-04-08 16:07:24.549] [INFO] logInfo - DB-执行查询语句成功！
sql:insert into t_order_product (order_id,user_id,product_id,shop_id,address_id,count) values (?,?,?,?,?,?)
[2017-04-08 16:07:24.549] [INFO] logInfo - success
[2017-04-08 16:07:24.563] [INFO] logInfo - DB-执行查询语句成功！
sql:insert into t_order_product (order_id,user_id,product_id,shop_id,address_id,count) values (?,?,?,?,?,?)
[2017-04-08 16:07:24.563] [INFO] logInfo - success
[2017-04-08 16:07:24.565] [INFO] logInfo - DB-执行查询语句成功！
sql:insert into t_order_product (order_id,user_id,product_id,shop_id,address_id,count) values (?,?,?,?,?,?)
[2017-04-08 16:07:24.565] [INFO] logInfo - success
[2017-04-08 16:07:24.568] [INFO] logInfo - DB-执行查询语句成功！
sql:insert into t_order_product (order_id,user_id,product_id,shop_id,address_id,count) values (?,?,?,?,?,?)
[2017-04-08 16:07:24.568] [INFO] logInfo - success
[2017-04-08 16:20:10.346] [INFO] logInfo - DB-执行查询语句成功！
sql:select   telephone as telephone , create_date as create_date , email as email , password as password , userName as userName , picSrc as picSrc , type as type , status as status  from t_user  where telephone = ? and password = ?
[2017-04-08 16:20:10.347] [INFO] logInfo - success
[2017-04-08 16:20:13.317] [INFO] logInfo - DB-执行查询语句成功！
sql:SELECT *, top.status as order_status, tor.id as combine_id, top.id as order_product_id from t_order tor 
LEFT JOIN  t_order_product top on (tor.id = top.order_id) LEFT JOIN t_product tp on (tp.id = top.product_id) 
 WHERE tor.user_id = ? 
[2017-04-08 16:20:13.318] [INFO] logInfo - success
[2017-04-08 16:20:13.535] [INFO] logInfo - DB-执行查询语句成功！
sql:select   telephone as telephone , create_date as create_date , email as email , password as password , userName as userName , picSrc as picSrc , type as type , status as status  from t_user  where telephone = ? and password = ?
[2017-04-08 16:20:13.535] [INFO] logInfo - success
[2017-04-08 16:20:17.156] [INFO] logInfo - DB-执行查询语句成功！
sql:select   telephone as telephone , create_date as create_date , email as email , password as password , userName as userName , picSrc as picSrc , type as type , status as status  from t_user  where telephone = ? and password = ?
[2017-04-08 16:20:17.158] [INFO] logInfo - success
[2017-04-08 16:20:17.756] [INFO] logInfo - DB-执行查询语句成功！
sql:select   telephone as telephone , create_date as create_date , email as email , password as password , userName as userName , picSrc as picSrc , type as type , status as status  from t_user  where telephone = ? and password = ?
[2017-04-08 16:20:17.756] [INFO] logInfo - success
[2017-04-08 16:20:17.964] [INFO] logInfo - DB-执行查询语句成功！
sql:select   telephone as telephone , create_date as create_date , email as email , password as password , userName as userName , picSrc as picSrc , type as type , status as status  from t_user  where telephone = ? and password = ?
[2017-04-08 16:20:17.964] [INFO] logInfo - success
[2017-04-08 16:20:31.923] [INFO] logInfo - DB-执行查询语句成功！
sql:SELECT *, top.status as order_status, tor.id as combine_id, top.id as order_product_id from t_order tor 
LEFT JOIN  t_order_product top on (tor.id = top.order_id) LEFT JOIN t_product tp on (tp.id = top.product_id) 
 WHERE tor.user_id = ? 
[2017-04-08 16:20:31.923] [INFO] logInfo - success
[2017-04-08 16:21:47.953] [INFO] logInfo - DB-执行查询语句成功！
sql:SELECT *, top.status as order_status, tor.id as combine_id, top.id as order_product_id from t_order tor 
LEFT JOIN  t_order_product top on (tor.id = top.order_id) LEFT JOIN t_product tp on (tp.id = top.product_id) 
 WHERE tor.user_id = ? 
[2017-04-08 16:21:47.954] [INFO] logInfo - success
[2017-04-08 17:00:44.918] [ERROR] logInfo - DB-执行查询语句异常！
sql:select   id as id , amount as amount , brand as brand , intro as intro , leftAmount as leftAmount , name as name , oldPrice as oldPrice , picSrc as picSrc , price as price , status as status , shop_id as shop_id  from t_product  where  id in  ()
message:ER_PARSE_ERROR: You have an error in your SQL syntax; check the manual that corresponds to your MariaDB server version for the right syntax to use near ')' at line 1
stack:Error: ER_PARSE_ERROR: You have an error in your SQL syntax; check the manual that corresponds to your MariaDB server version for the right syntax to use near ')' at line 1
    at Query.Sequence._packetToError (/Users/yuanqiangniu/Desktop/bishe/E-business-1/node_modules/.2.13.0@mysql/lib/protocol/sequences/Sequence.js:52:14)
    at Query.ErrorPacket (/Users/yuanqiangniu/Desktop/bishe/E-business-1/node_modules/.2.13.0@mysql/lib/protocol/sequences/Query.js:77:18)
    at Protocol._parsePacket (/Users/yuanqiangniu/Desktop/bishe/E-business-1/node_modules/.2.13.0@mysql/lib/protocol/Protocol.js:280:23)
    at Parser.write (/Users/yuanqiangniu/Desktop/bishe/E-business-1/node_modules/.2.13.0@mysql/lib/protocol/Parser.js:75:12)
    at Protocol.write (/Users/yuanqiangniu/Desktop/bishe/E-business-1/node_modules/.2.13.0@mysql/lib/protocol/Protocol.js:39:16)
    at Socket.<anonymous> (/Users/yuanqiangniu/Desktop/bishe/E-business-1/node_modules/.2.13.0@mysql/lib/Connection.js:103:28)
    at emitOne (events.js:96:13)
    at Socket.emit (events.js:188:7)
    at readableAddChunk (_stream_readable.js:176:18)
    at Socket.Readable.push (_stream_readable.js:134:10)
    --------------------
    at Protocol._enqueue (/Users/yuanqiangniu/Desktop/bishe/E-business-1/node_modules/.2.13.0@mysql/lib/protocol/Protocol.js:141:48)
    at PoolConnection.query (/Users/yuanqiangniu/Desktop/bishe/E-business-1/node_modules/.2.13.0@mysql/lib/Connection.js:208:25)
    at /Users/yuanqiangniu/Desktop/bishe/E-business-1/server/util/dbUtil.js:51:20
    at Handshake.onConnect (/Users/yuanqiangniu/Desktop/bishe/E-business-1/node_modules/.2.13.0@mysql/lib/Pool.js:64:7)
    at Handshake.Sequence.end (/Users/yuanqiangniu/Desktop/bishe/E-business-1/node_modules/.2.13.0@mysql/lib/protocol/sequences/Sequence.js:86:24)
    at Handshake.Sequence.OkPacket (/Users/yuanqiangniu/Desktop/bishe/E-business-1/node_modules/.2.13.0@mysql/lib/protocol/sequences/Sequence.js:95:8)
    at Protocol._parsePacket (/Users/yuanqiangniu/Desktop/bishe/E-business-1/node_modules/.2.13.0@mysql/lib/protocol/Protocol.js:280:23)
    at Parser.write (/Users/yuanqiangniu/Desktop/bishe/E-business-1/node_modules/.2.13.0@mysql/lib/protocol/Parser.js:75:12)
    at Protocol.write (/Users/yuanqiangniu/Desktop/bishe/E-business-1/node_modules/.2.13.0@mysql/lib/protocol/Protocol.js:39:16)
    at Socket.<anonymous> (/Users/yuanqiangniu/Desktop/bishe/E-business-1/node_modules/.2.13.0@mysql/lib/Connection.js:103:28)
[2017-04-08 17:00:50.844] [ERROR] logInfo - DB-执行查询语句异常！
sql:select   id as id , amount as amount , brand as brand , intro as intro , leftAmount as leftAmount , name as name , oldPrice as oldPrice , picSrc as picSrc , price as price , status as status , shop_id as shop_id  from t_product  where  id in  ()
message:ER_PARSE_ERROR: You have an error in your SQL syntax; check the manual that corresponds to your MariaDB server version for the right syntax to use near ')' at line 1
stack:Error: ER_PARSE_ERROR: You have an error in your SQL syntax; check the manual that corresponds to your MariaDB server version for the right syntax to use near ')' at line 1
    at Query.Sequence._packetToError (/Users/yuanqiangniu/Desktop/bishe/E-business-1/node_modules/.2.13.0@mysql/lib/protocol/sequences/Sequence.js:52:14)
    at Query.ErrorPacket (/Users/yuanqiangniu/Desktop/bishe/E-business-1/node_modules/.2.13.0@mysql/lib/protocol/sequences/Query.js:77:18)
    at Protocol._parsePacket (/Users/yuanqiangniu/Desktop/bishe/E-business-1/node_modules/.2.13.0@mysql/lib/protocol/Protocol.js:280:23)
    at Parser.write (/Users/yuanqiangniu/Desktop/bishe/E-business-1/node_modules/.2.13.0@mysql/lib/protocol/Parser.js:75:12)
    at Protocol.write (/Users/yuanqiangniu/Desktop/bishe/E-business-1/node_modules/.2.13.0@mysql/lib/protocol/Protocol.js:39:16)
    at Socket.<anonymous> (/Users/yuanqiangniu/Desktop/bishe/E-business-1/node_modules/.2.13.0@mysql/lib/Connection.js:103:28)
    at emitOne (events.js:96:13)
    at Socket.emit (events.js:188:7)
    at readableAddChunk (_stream_readable.js:176:18)
    at Socket.Readable.push (_stream_readable.js:134:10)
    --------------------
    at Protocol._enqueue (/Users/yuanqiangniu/Desktop/bishe/E-business-1/node_modules/.2.13.0@mysql/lib/protocol/Protocol.js:141:48)
    at PoolConnection.query (/Users/yuanqiangniu/Desktop/bishe/E-business-1/node_modules/.2.13.0@mysql/lib/Connection.js:208:25)
    at /Users/yuanqiangniu/Desktop/bishe/E-business-1/server/util/dbUtil.js:51:20
    at Handshake.onConnect (/Users/yuanqiangniu/Desktop/bishe/E-business-1/node_modules/.2.13.0@mysql/lib/Pool.js:64:7)
    at Handshake.Sequence.end (/Users/yuanqiangniu/Desktop/bishe/E-business-1/node_modules/.2.13.0@mysql/lib/protocol/sequences/Sequence.js:86:24)
    at Handshake.Sequence.OkPacket (/Users/yuanqiangniu/Desktop/bishe/E-business-1/node_modules/.2.13.0@mysql/lib/protocol/sequences/Sequence.js:95:8)
    at Protocol._parsePacket (/Users/yuanqiangniu/Desktop/bishe/E-business-1/node_modules/.2.13.0@mysql/lib/protocol/Protocol.js:280:23)
    at Parser.write (/Users/yuanqiangniu/Desktop/bishe/E-business-1/node_modules/.2.13.0@mysql/lib/protocol/Parser.js:75:12)
    at Protocol.write (/Users/yuanqiangniu/Desktop/bishe/E-business-1/node_modules/.2.13.0@mysql/lib/protocol/Protocol.js:39:16)
    at Socket.<anonymous> (/Users/yuanqiangniu/Desktop/bishe/E-business-1/node_modules/.2.13.0@mysql/lib/Connection.js:103:28)
[2017-04-08 17:00:54.140] [INFO] logInfo - pager success id 24
[2017-04-08 17:00:54.142] [INFO] logInfo - shopbyps by id 24
[2017-04-08 17:00:54.321] [INFO] logInfo - DB-执行查询语句成功！
sql:select ts.id as id, ts.name as name, ts.picSrc as picSrc, ts.logoStr as logoStr, ts.intro as intro from t_shop ts where ts.id = ?
[2017-04-08 17:00:54.323] [INFO] logInfo - DB-执行查询语句成功！
sql:select id,  name, shop_id  from t_productscale tp where tp.shop_id = ?
[2017-04-08 17:00:54.324] [INFO] logInfo - success
[2017-04-08 17:00:54.405] [INFO] logInfo - DB-执行查询语句成功！
sql:select  tp.id as id , tp.amount as amount, tp.intro as intro, tp.name as name, tp.leftAmount as leftAmount,
   tp.height as height, tp.width as width, tp.brand as brand, tp.oldPrice as oldPrice, 
   tp.picSrc as picSrc, tp.price as price  from t_product tp , t_productscale_product  pps  where pps.product_scale_id = ? and tp.id = pps.product_id   and  tp.status = 1 limit 0, 6
[2017-04-08 17:00:54.405] [INFO] logInfo - success
[2017-04-08 17:00:54.406] [INFO] logInfo - DB-执行查询语句成功！
sql:select  tp.id as id , tp.amount as amount, tp.intro as intro, tp.name as name, tp.leftAmount as leftAmount,
   tp.height as height, tp.width as width, tp.brand as brand, tp.oldPrice as oldPrice, 
   tp.picSrc as picSrc, tp.price as price  from t_product tp , t_productscale_product  pps  where pps.product_scale_id = ? and tp.id = pps.product_id   and  tp.status = 1 limit 0, 6
[2017-04-08 17:00:54.406] [INFO] logInfo - success
[2017-04-08 17:00:54.481] [INFO] logInfo - DB-执行查询语句成功！
sql:select  tp.id as id , tp.amount as amount, tp.intro as intro, tp.name as name, tp.leftAmount as leftAmount,
   tp.height as height, tp.width as width, tp.brand as brand, tp.oldPrice as oldPrice, 
   tp.picSrc as picSrc, tp.price as price  from t_product tp , t_productscale_product  pps  where pps.product_scale_id = ? and tp.id = pps.product_id   and  tp.status = 1 limit 0, 6
[2017-04-08 17:00:54.481] [INFO] logInfo - success
[2017-04-08 17:00:54.485] [INFO] logInfo - DB-执行查询语句成功！
sql:select  tp.id as id , tp.amount as amount, tp.intro as intro, tp.name as name, tp.leftAmount as leftAmount,
   tp.height as height, tp.width as width, tp.brand as brand, tp.oldPrice as oldPrice, 
   tp.picSrc as picSrc, tp.price as price  from t_product tp , t_productscale_product  pps  where pps.product_scale_id = ? and tp.id = pps.product_id   and  tp.status = 1 limit 0, 6
[2017-04-08 17:00:54.485] [INFO] logInfo - success
[2017-04-08 17:00:54.495] [INFO] logInfo - DB-执行查询语句成功！
sql:select  tp.id as id , tp.amount as amount, tp.intro as intro, tp.name as name, tp.leftAmount as leftAmount,
   tp.height as height, tp.width as width, tp.brand as brand, tp.oldPrice as oldPrice, 
   tp.picSrc as picSrc, tp.price as price  from t_product tp , t_productscale_product  pps  where pps.product_scale_id = ? and tp.id = pps.product_id   and  tp.status = 1 limit 0, 6
[2017-04-08 17:00:54.497] [INFO] logInfo - success
[2017-04-08 17:00:54.499] [INFO] logInfo - DB-执行查询语句成功！
sql:select  tp.id as id , tp.amount as amount, tp.intro as intro, tp.name as name, tp.leftAmount as leftAmount,
   tp.height as height, tp.width as width, tp.brand as brand, tp.oldPrice as oldPrice, 
   tp.picSrc as picSrc, tp.price as price  from t_product tp , t_productscale_product  pps  where pps.product_scale_id = ? and tp.id = pps.product_id   and  tp.status = 1 limit 0, 6
[2017-04-08 17:00:54.499] [INFO] logInfo - success
[2017-04-08 17:01:04.474] [INFO] logInfo - DB-执行查询语句成功！
sql:select   id as id , amount as amount , brand as brand , intro as intro , leftAmount as leftAmount , name as name , oldPrice as oldPrice , picSrc as picSrc , price as price , status as status , shop_id as shop_id  from t_product  where  id in  ("22","24")
[2017-04-08 17:01:04.475] [INFO] logInfo - success
[2017-04-08 17:01:06.569] [INFO] logInfo - DB-执行查询语句成功！
sql:insert into t_order (id,user_id) values (?,?)
[2017-04-08 17:01:06.570] [INFO] logInfo - success
[2017-04-08 17:01:06.653] [INFO] logInfo - DB-执行查询语句成功！
sql:insert into t_order_product (order_id,user_id,product_id,shop_id,address_id,count) values (?,?,?,?,?,?)
[2017-04-08 17:01:06.653] [INFO] logInfo - success
[2017-04-08 17:05:23.432] [INFO] logInfo - DB-执行查询语句成功！
sql:insert into t_order (id,user_id) values (?,?)
[2017-04-08 17:05:23.433] [INFO] logInfo - success
[2017-04-08 17:05:23.512] [INFO] logInfo - DB-执行查询语句成功！
sql:insert into t_order_product (order_id,user_id,product_id,shop_id,address_id,count) values (?,?,?,?,?,?)
[2017-04-08 17:05:23.513] [INFO] logInfo - success
[2017-04-08 17:05:23.574] [INFO] logInfo - DB-执行查询语句成功！
sql:insert into t_order_product (order_id,user_id,product_id,shop_id,address_id,count) values (?,?,?,?,?,?)
[2017-04-08 17:05:23.574] [INFO] logInfo - success
[2017-04-08 17:05:23.582] [INFO] logInfo - DB-执行查询语句成功！
sql:update t_product t set t.leftAmount = t.amount-? where t.id = ?
[2017-04-08 17:05:23.582] [INFO] logInfo - success
[2017-04-08 17:05:23.642] [INFO] logInfo - DB-执行查询语句成功！
sql:update t_product t set t.leftAmount = t.amount-? where t.id = ?
[2017-04-08 17:05:23.642] [INFO] logInfo - success
[2017-04-08 17:05:26.223] [INFO] logInfo - DB-执行查询语句成功！
sql:SELECT *, top.status as order_status, tor.id as combine_id, top.id as order_product_id from t_order tor 
LEFT JOIN  t_order_product top on (tor.id = top.order_id) LEFT JOIN t_product tp on (tp.id = top.product_id) 
 WHERE tor.user_id = ? 
[2017-04-08 17:05:26.224] [INFO] logInfo - success
[2017-04-08 17:08:06.501] [ERROR] logInfo - DB-执行查询语句异常！
sql:select   id as id , amount as amount , brand as brand , intro as intro , leftAmount as leftAmount , name as name , oldPrice as oldPrice , picSrc as picSrc , price as price , status as status , shop_id as shop_id  from t_product  where  id in  ()
message:ER_PARSE_ERROR: You have an error in your SQL syntax; check the manual that corresponds to your MariaDB server version for the right syntax to use near ')' at line 1
stack:Error: ER_PARSE_ERROR: You have an error in your SQL syntax; check the manual that corresponds to your MariaDB server version for the right syntax to use near ')' at line 1
    at Query.Sequence._packetToError (/Users/yuanqiangniu/Desktop/bishe/E-business-1/node_modules/.2.13.0@mysql/lib/protocol/sequences/Sequence.js:52:14)
    at Query.ErrorPacket (/Users/yuanqiangniu/Desktop/bishe/E-business-1/node_modules/.2.13.0@mysql/lib/protocol/sequences/Query.js:77:18)
    at Protocol._parsePacket (/Users/yuanqiangniu/Desktop/bishe/E-business-1/node_modules/.2.13.0@mysql/lib/protocol/Protocol.js:280:23)
    at Parser.write (/Users/yuanqiangniu/Desktop/bishe/E-business-1/node_modules/.2.13.0@mysql/lib/protocol/Parser.js:75:12)
    at Protocol.write (/Users/yuanqiangniu/Desktop/bishe/E-business-1/node_modules/.2.13.0@mysql/lib/protocol/Protocol.js:39:16)
    at Socket.<anonymous> (/Users/yuanqiangniu/Desktop/bishe/E-business-1/node_modules/.2.13.0@mysql/lib/Connection.js:103:28)
    at emitOne (events.js:96:13)
    at Socket.emit (events.js:188:7)
    at readableAddChunk (_stream_readable.js:176:18)
    at Socket.Readable.push (_stream_readable.js:134:10)
    --------------------
    at Protocol._enqueue (/Users/yuanqiangniu/Desktop/bishe/E-business-1/node_modules/.2.13.0@mysql/lib/protocol/Protocol.js:141:48)
    at PoolConnection.query (/Users/yuanqiangniu/Desktop/bishe/E-business-1/node_modules/.2.13.0@mysql/lib/Connection.js:208:25)
    at /Users/yuanqiangniu/Desktop/bishe/E-business-1/server/util/dbUtil.js:51:20
    at Handshake.onConnect (/Users/yuanqiangniu/Desktop/bishe/E-business-1/node_modules/.2.13.0@mysql/lib/Pool.js:64:7)
    at Handshake.Sequence.end (/Users/yuanqiangniu/Desktop/bishe/E-business-1/node_modules/.2.13.0@mysql/lib/protocol/sequences/Sequence.js:86:24)
    at Handshake.Sequence.OkPacket (/Users/yuanqiangniu/Desktop/bishe/E-business-1/node_modules/.2.13.0@mysql/lib/protocol/sequences/Sequence.js:95:8)
    at Protocol._parsePacket (/Users/yuanqiangniu/Desktop/bishe/E-business-1/node_modules/.2.13.0@mysql/lib/protocol/Protocol.js:280:23)
    at Parser.write (/Users/yuanqiangniu/Desktop/bishe/E-business-1/node_modules/.2.13.0@mysql/lib/protocol/Parser.js:75:12)
    at Protocol.write (/Users/yuanqiangniu/Desktop/bishe/E-business-1/node_modules/.2.13.0@mysql/lib/protocol/Protocol.js:39:16)
    at Socket.<anonymous> (/Users/yuanqiangniu/Desktop/bishe/E-business-1/node_modules/.2.13.0@mysql/lib/Connection.js:103:28)
[2017-04-08 17:08:07.845] [INFO] logInfo - pager success id 24
[2017-04-08 17:08:07.846] [INFO] logInfo - shopbyps by id 24
[2017-04-08 17:08:08.005] [INFO] logInfo - DB-执行查询语句成功！
sql:select ts.id as id, ts.name as name, ts.picSrc as picSrc, ts.logoStr as logoStr, ts.intro as intro from t_shop ts where ts.id = ?
[2017-04-08 17:08:08.008] [INFO] logInfo - DB-执行查询语句成功！
sql:select id,  name, shop_id  from t_productscale tp where tp.shop_id = ?
[2017-04-08 17:08:08.008] [INFO] logInfo - success
[2017-04-08 17:08:08.080] [INFO] logInfo - DB-执行查询语句成功！
sql:select  tp.id as id , tp.amount as amount, tp.intro as intro, tp.name as name, tp.leftAmount as leftAmount,
   tp.height as height, tp.width as width, tp.brand as brand, tp.oldPrice as oldPrice, 
   tp.picSrc as picSrc, tp.price as price  from t_product tp , t_productscale_product  pps  where pps.product_scale_id = ? and tp.id = pps.product_id   and  tp.status = 1 limit 0, 6
[2017-04-08 17:08:08.080] [INFO] logInfo - success
[2017-04-08 17:08:08.090] [INFO] logInfo - DB-执行查询语句成功！
sql:select  tp.id as id , tp.amount as amount, tp.intro as intro, tp.name as name, tp.leftAmount as leftAmount,
   tp.height as height, tp.width as width, tp.brand as brand, tp.oldPrice as oldPrice, 
   tp.picSrc as picSrc, tp.price as price  from t_product tp , t_productscale_product  pps  where pps.product_scale_id = ? and tp.id = pps.product_id   and  tp.status = 1 limit 0, 6
[2017-04-08 17:08:08.090] [INFO] logInfo - success
[2017-04-08 17:08:08.166] [INFO] logInfo - DB-执行查询语句成功！
sql:select  tp.id as id , tp.amount as amount, tp.intro as intro, tp.name as name, tp.leftAmount as leftAmount,
   tp.height as height, tp.width as width, tp.brand as brand, tp.oldPrice as oldPrice, 
   tp.picSrc as picSrc, tp.price as price  from t_product tp , t_productscale_product  pps  where pps.product_scale_id = ? and tp.id = pps.product_id   and  tp.status = 1 limit 0, 6
[2017-04-08 17:08:08.178] [INFO] logInfo - success
[2017-04-08 17:08:08.182] [INFO] logInfo - DB-执行查询语句成功！
sql:select  tp.id as id , tp.amount as amount, tp.intro as intro, tp.name as name, tp.leftAmount as leftAmount,
   tp.height as height, tp.width as width, tp.brand as brand, tp.oldPrice as oldPrice, 
   tp.picSrc as picSrc, tp.price as price  from t_product tp , t_productscale_product  pps  where pps.product_scale_id = ? and tp.id = pps.product_id   and  tp.status = 1 limit 0, 6
[2017-04-08 17:08:08.182] [INFO] logInfo - success
[2017-04-08 17:08:08.183] [INFO] logInfo - DB-执行查询语句成功！
sql:select  tp.id as id , tp.amount as amount, tp.intro as intro, tp.name as name, tp.leftAmount as leftAmount,
   tp.height as height, tp.width as width, tp.brand as brand, tp.oldPrice as oldPrice, 
   tp.picSrc as picSrc, tp.price as price  from t_product tp , t_productscale_product  pps  where pps.product_scale_id = ? and tp.id = pps.product_id   and  tp.status = 1 limit 0, 6
[2017-04-08 17:08:08.184] [INFO] logInfo - success
[2017-04-08 17:08:08.185] [INFO] logInfo - DB-执行查询语句成功！
sql:select  tp.id as id , tp.amount as amount, tp.intro as intro, tp.name as name, tp.leftAmount as leftAmount,
   tp.height as height, tp.width as width, tp.brand as brand, tp.oldPrice as oldPrice, 
   tp.picSrc as picSrc, tp.price as price  from t_product tp , t_productscale_product  pps  where pps.product_scale_id = ? and tp.id = pps.product_id   and  tp.status = 1 limit 0, 6
[2017-04-08 17:08:08.186] [INFO] logInfo - success
[2017-04-08 17:08:13.981] [INFO] logInfo - DB-执行查询语句成功！
sql:select   id as id , amount as amount , brand as brand , intro as intro , leftAmount as leftAmount , name as name , oldPrice as oldPrice , picSrc as picSrc , price as price , status as status , shop_id as shop_id  from t_product  where  id in  ("24","27")
[2017-04-08 17:08:13.982] [INFO] logInfo - success
[2017-04-08 17:08:15.848] [INFO] logInfo - DB-执行查询语句成功！
sql:insert into t_order (id,user_id) values (?,?)
[2017-04-08 17:08:15.849] [INFO] logInfo - success
[2017-04-08 17:08:15.918] [INFO] logInfo - DB-执行查询语句成功！
sql:insert into t_order_product (order_id,user_id,product_id,shop_id,address_id,count) values (?,?,?,?,?,?)
[2017-04-08 17:08:15.919] [INFO] logInfo - success
[2017-04-08 17:08:15.921] [INFO] logInfo - DB-执行查询语句成功！
sql:insert into t_order_product (order_id,user_id,product_id,shop_id,address_id,count) values (?,?,?,?,?,?)
[2017-04-08 17:08:15.921] [INFO] logInfo - success
[2017-04-08 17:08:15.994] [INFO] logInfo - DB-执行查询语句成功！
sql:update t_product t set t.leftAmount = t.amount-? where t.id = ?
[2017-04-08 17:08:15.994] [INFO] logInfo - success
[2017-04-08 17:08:15.996] [INFO] logInfo - DB-执行查询语句成功！
sql:update t_product t set t.leftAmount = t.amount-? where t.id = ?
[2017-04-08 17:08:15.997] [INFO] logInfo - success
[2017-04-08 17:08:18.528] [INFO] logInfo - DB-执行查询语句成功！
sql:SELECT *, top.status as order_status, tor.id as combine_id, top.id as order_product_id from t_order tor 
LEFT JOIN  t_order_product top on (tor.id = top.order_id) LEFT JOIN t_product tp on (tp.id = top.product_id) 
 WHERE tor.user_id = ? 
[2017-04-08 17:08:18.528] [INFO] logInfo - success
[2017-04-08 17:08:57.409] [INFO] logInfo - pager success id 24
[2017-04-08 17:08:57.410] [INFO] logInfo - shopbyps by id 24
[2017-04-08 17:09:05.908] [INFO] logInfo - pager success id 24
[2017-04-08 17:09:05.908] [INFO] logInfo - shopbyps by id 24
[2017-04-08 17:09:06.077] [INFO] logInfo - DB-执行查询语句成功！
sql:select id,  name, shop_id  from t_productscale tp where tp.shop_id = ?
[2017-04-08 17:09:06.077] [INFO] logInfo - success
[2017-04-08 17:09:06.080] [INFO] logInfo - DB-执行查询语句成功！
sql:select ts.id as id, ts.name as name, ts.picSrc as picSrc, ts.logoStr as logoStr, ts.intro as intro from t_shop ts where ts.id = ?
[2017-04-08 17:09:06.162] [INFO] logInfo - DB-执行查询语句成功！
sql:select  tp.id as id , tp.amount as amount, tp.intro as intro, tp.name as name, tp.leftAmount as leftAmount,
   tp.height as height, tp.width as width, tp.brand as brand, tp.oldPrice as oldPrice, 
   tp.picSrc as picSrc, tp.price as price  from t_product tp , t_productscale_product  pps  where pps.product_scale_id = ? and tp.id = pps.product_id   and  tp.status = 1 limit 0, 6
[2017-04-08 17:09:06.162] [INFO] logInfo - success
[2017-04-08 17:09:06.217] [INFO] logInfo - DB-执行查询语句成功！
sql:select  tp.id as id , tp.amount as amount, tp.intro as intro, tp.name as name, tp.leftAmount as leftAmount,
   tp.height as height, tp.width as width, tp.brand as brand, tp.oldPrice as oldPrice, 
   tp.picSrc as picSrc, tp.price as price  from t_product tp , t_productscale_product  pps  where pps.product_scale_id = ? and tp.id = pps.product_id   and  tp.status = 1 limit 0, 6
[2017-04-08 17:09:06.217] [INFO] logInfo - success
[2017-04-08 17:09:06.225] [INFO] logInfo - DB-执行查询语句成功！
sql:select  tp.id as id , tp.amount as amount, tp.intro as intro, tp.name as name, tp.leftAmount as leftAmount,
   tp.height as height, tp.width as width, tp.brand as brand, tp.oldPrice as oldPrice, 
   tp.picSrc as picSrc, tp.price as price  from t_product tp , t_productscale_product  pps  where pps.product_scale_id = ? and tp.id = pps.product_id   and  tp.status = 1 limit 0, 6
[2017-04-08 17:09:06.225] [INFO] logInfo - success
[2017-04-08 17:09:06.229] [INFO] logInfo - DB-执行查询语句成功！
sql:select  tp.id as id , tp.amount as amount, tp.intro as intro, tp.name as name, tp.leftAmount as leftAmount,
   tp.height as height, tp.width as width, tp.brand as brand, tp.oldPrice as oldPrice, 
   tp.picSrc as picSrc, tp.price as price  from t_product tp , t_productscale_product  pps  where pps.product_scale_id = ? and tp.id = pps.product_id   and  tp.status = 1 limit 0, 6
[2017-04-08 17:09:06.229] [INFO] logInfo - success
[2017-04-08 17:09:06.231] [INFO] logInfo - DB-执行查询语句成功！
sql:select  tp.id as id , tp.amount as amount, tp.intro as intro, tp.name as name, tp.leftAmount as leftAmount,
   tp.height as height, tp.width as width, tp.brand as brand, tp.oldPrice as oldPrice, 
   tp.picSrc as picSrc, tp.price as price  from t_product tp , t_productscale_product  pps  where pps.product_scale_id = ? and tp.id = pps.product_id   and  tp.status = 1 limit 0, 6
[2017-04-08 17:09:06.232] [INFO] logInfo - success
[2017-04-08 17:09:06.234] [INFO] logInfo - DB-执行查询语句成功！
sql:select  tp.id as id , tp.amount as amount, tp.intro as intro, tp.name as name, tp.leftAmount as leftAmount,
   tp.height as height, tp.width as width, tp.brand as brand, tp.oldPrice as oldPrice, 
   tp.picSrc as picSrc, tp.price as price  from t_product tp , t_productscale_product  pps  where pps.product_scale_id = ? and tp.id = pps.product_id   and  tp.status = 1 limit 0, 6
[2017-04-08 17:09:06.234] [INFO] logInfo - success
[2017-04-08 17:09:06.657] [ERROR] logInfo - DB-获取数据库连接异常！
sql:select   id as id , amount as amount , brand as brand , intro as intro , leftAmount as leftAmount , name as name , oldPrice as oldPrice , picSrc as picSrc , price as price , status as status , shop_id as shop_id  from t_product  where  id in  ()
message:connect ETIMEDOUT
stack:Error: connect ETIMEDOUT
    at PoolConnection.Connection._handleConnectTimeout (/Users/yuanqiangniu/Desktop/bishe/E-business-1/node_modules/.2.13.0@mysql/lib/Connection.js:419:13)
    at Socket.g (events.js:291:16)
    at emitNone (events.js:86:13)
    at Socket.emit (events.js:185:7)
    at Socket._onTimeout (net.js:342:8)
    at ontimeout (timers.js:380:14)
    at tryOnTimeout (timers.js:244:5)
    at Timer.listOnTimeout (timers.js:214:5)
    --------------------
    at Protocol._enqueue (/Users/yuanqiangniu/Desktop/bishe/E-business-1/node_modules/.2.13.0@mysql/lib/protocol/Protocol.js:141:48)
    at Protocol.handshake (/Users/yuanqiangniu/Desktop/bishe/E-business-1/node_modules/.2.13.0@mysql/lib/protocol/Protocol.js:52:41)
    at PoolConnection.connect (/Users/yuanqiangniu/Desktop/bishe/E-business-1/node_modules/.2.13.0@mysql/lib/Connection.js:130:18)
    at Pool.getConnection (/Users/yuanqiangniu/Desktop/bishe/E-business-1/node_modules/.2.13.0@mysql/lib/Pool.js:48:16)
    at Object.query (/Users/yuanqiangniu/Desktop/bishe/E-business-1/server/util/dbUtil.js:24:10)
    at Object.module.exports.shopcart (/Users/yuanqiangniu/Desktop/bishe/E-business-1/server/dao/productDao.js:62:6)
    at productAction.post (/Users/yuanqiangniu/Desktop/bishe/E-business-1/server/action/ProductAction.js:21:16)
    at Layer.handle [as handle_request] (/Users/yuanqiangniu/Desktop/bishe/E-business-1/node_modules/.4.15.2@express/lib/router/layer.js:95:5)
    at next (/Users/yuanqiangniu/Desktop/bishe/E-business-1/node_modules/.4.15.2@express/lib/router/route.js:137:13)
    at Route.dispatch (/Users/yuanqiangniu/Desktop/bishe/E-business-1/node_modules/.4.15.2@express/lib/router/route.js:112:3)
[2017-04-08 17:09:13.932] [INFO] logInfo - DB-执行查询语句成功！
sql:select   id as id , amount as amount , brand as brand , intro as intro , leftAmount as leftAmount , name as name , oldPrice as oldPrice , picSrc as picSrc , price as price , status as status , shop_id as shop_id  from t_product  where  id in  ("27","30")
[2017-04-08 17:09:13.934] [INFO] logInfo - success
[2017-04-08 17:09:15.665] [INFO] logInfo - DB-执行查询语句成功！
sql:insert into t_order (id,user_id) values (?,?)
[2017-04-08 17:09:15.666] [INFO] logInfo - success
[2017-04-08 17:09:15.741] [INFO] logInfo - DB-执行查询语句成功！
sql:insert into t_order_product (order_id,user_id,product_id,shop_id,address_id,count) values (?,?,?,?,?,?)
[2017-04-08 17:09:15.742] [INFO] logInfo - success
[2017-04-08 17:09:15.816] [INFO] logInfo - DB-执行查询语句成功！
sql:insert into t_order_product (order_id,user_id,product_id,shop_id,address_id,count) values (?,?,?,?,?,?)
[2017-04-08 17:09:15.816] [INFO] logInfo - success
[2017-04-08 17:09:15.817] [INFO] logInfo - DB-执行查询语句成功！
sql:update t_product t set t.leftAmount = t.amount-? where t.id = ?
[2017-04-08 17:09:15.817] [INFO] logInfo - success
[2017-04-08 17:09:15.889] [INFO] logInfo - DB-执行查询语句成功！
sql:update t_product t set t.leftAmount = t.amount-? where t.id = ?
[2017-04-08 17:09:15.890] [INFO] logInfo - success
[2017-04-08 17:09:19.376] [INFO] logInfo - DB-执行查询语句成功！
sql:SELECT *, top.status as order_status, tor.id as combine_id, top.id as order_product_id from t_order tor 
LEFT JOIN  t_order_product top on (tor.id = top.order_id) LEFT JOIN t_product tp on (tp.id = top.product_id) 
 WHERE tor.user_id = ? 
[2017-04-08 17:09:19.376] [INFO] logInfo - success
[2017-04-08 17:11:56.717] [ERROR] logInfo - DB-执行查询语句异常！
sql:select   id as id , amount as amount , brand as brand , intro as intro , leftAmount as leftAmount , name as name , oldPrice as oldPrice , picSrc as picSrc , price as price , status as status , shop_id as shop_id  from t_product  where  id in  ()
message:ER_PARSE_ERROR: You have an error in your SQL syntax; check the manual that corresponds to your MariaDB server version for the right syntax to use near ')' at line 1
stack:Error: ER_PARSE_ERROR: You have an error in your SQL syntax; check the manual that corresponds to your MariaDB server version for the right syntax to use near ')' at line 1
    at Query.Sequence._packetToError (/Users/yuanqiangniu/Desktop/bishe/E-business-1/node_modules/.2.13.0@mysql/lib/protocol/sequences/Sequence.js:52:14)
    at Query.ErrorPacket (/Users/yuanqiangniu/Desktop/bishe/E-business-1/node_modules/.2.13.0@mysql/lib/protocol/sequences/Query.js:77:18)
    at Protocol._parsePacket (/Users/yuanqiangniu/Desktop/bishe/E-business-1/node_modules/.2.13.0@mysql/lib/protocol/Protocol.js:280:23)
    at Parser.write (/Users/yuanqiangniu/Desktop/bishe/E-business-1/node_modules/.2.13.0@mysql/lib/protocol/Parser.js:75:12)
    at Protocol.write (/Users/yuanqiangniu/Desktop/bishe/E-business-1/node_modules/.2.13.0@mysql/lib/protocol/Protocol.js:39:16)
    at Socket.<anonymous> (/Users/yuanqiangniu/Desktop/bishe/E-business-1/node_modules/.2.13.0@mysql/lib/Connection.js:103:28)
    at emitOne (events.js:96:13)
    at Socket.emit (events.js:188:7)
    at readableAddChunk (_stream_readable.js:176:18)
    at Socket.Readable.push (_stream_readable.js:134:10)
    --------------------
    at Protocol._enqueue (/Users/yuanqiangniu/Desktop/bishe/E-business-1/node_modules/.2.13.0@mysql/lib/protocol/Protocol.js:141:48)
    at PoolConnection.query (/Users/yuanqiangniu/Desktop/bishe/E-business-1/node_modules/.2.13.0@mysql/lib/Connection.js:208:25)
    at /Users/yuanqiangniu/Desktop/bishe/E-business-1/server/util/dbUtil.js:51:20
    at Ping.onOperationComplete [as _callback] (/Users/yuanqiangniu/Desktop/bishe/E-business-1/node_modules/.2.13.0@mysql/lib/Pool.js:110:5)
    at Ping.Sequence.end (/Users/yuanqiangniu/Desktop/bishe/E-business-1/node_modules/.2.13.0@mysql/lib/protocol/sequences/Sequence.js:86:24)
    at Ping.Sequence.OkPacket (/Users/yuanqiangniu/Desktop/bishe/E-business-1/node_modules/.2.13.0@mysql/lib/protocol/sequences/Sequence.js:95:8)
    at Protocol._parsePacket (/Users/yuanqiangniu/Desktop/bishe/E-business-1/node_modules/.2.13.0@mysql/lib/protocol/Protocol.js:280:23)
    at Parser.write (/Users/yuanqiangniu/Desktop/bishe/E-business-1/node_modules/.2.13.0@mysql/lib/protocol/Parser.js:75:12)
    at Protocol.write (/Users/yuanqiangniu/Desktop/bishe/E-business-1/node_modules/.2.13.0@mysql/lib/protocol/Protocol.js:39:16)
    at Socket.<anonymous> (/Users/yuanqiangniu/Desktop/bishe/E-business-1/node_modules/.2.13.0@mysql/lib/Connection.js:103:28)
[2017-04-08 17:11:57.680] [INFO] logInfo - pager success id 24
[2017-04-08 17:11:57.682] [INFO] logInfo - shopbyps by id 24
[2017-04-08 17:11:57.857] [INFO] logInfo - DB-执行查询语句成功！
sql:select id,  name, shop_id  from t_productscale tp where tp.shop_id = ?
[2017-04-08 17:11:57.858] [INFO] logInfo - success
[2017-04-08 17:11:57.866] [INFO] logInfo - DB-执行查询语句成功！
sql:select ts.id as id, ts.name as name, ts.picSrc as picSrc, ts.logoStr as logoStr, ts.intro as intro from t_shop ts where ts.id = ?
[2017-04-08 17:11:57.946] [INFO] logInfo - DB-执行查询语句成功！
sql:select  tp.id as id , tp.amount as amount, tp.intro as intro, tp.name as name, tp.leftAmount as leftAmount,
   tp.height as height, tp.width as width, tp.brand as brand, tp.oldPrice as oldPrice, 
   tp.picSrc as picSrc, tp.price as price  from t_product tp , t_productscale_product  pps  where pps.product_scale_id = ? and tp.id = pps.product_id   and  tp.status = 1 limit 0, 6
[2017-04-08 17:11:57.947] [INFO] logInfo - success
[2017-04-08 17:11:58.009] [INFO] logInfo - DB-执行查询语句成功！
sql:select  tp.id as id , tp.amount as amount, tp.intro as intro, tp.name as name, tp.leftAmount as leftAmount,
   tp.height as height, tp.width as width, tp.brand as brand, tp.oldPrice as oldPrice, 
   tp.picSrc as picSrc, tp.price as price  from t_product tp , t_productscale_product  pps  where pps.product_scale_id = ? and tp.id = pps.product_id   and  tp.status = 1 limit 0, 6
[2017-04-08 17:11:58.010] [INFO] logInfo - success
[2017-04-08 17:11:58.011] [INFO] logInfo - DB-执行查询语句成功！
sql:select  tp.id as id , tp.amount as amount, tp.intro as intro, tp.name as name, tp.leftAmount as leftAmount,
   tp.height as height, tp.width as width, tp.brand as brand, tp.oldPrice as oldPrice, 
   tp.picSrc as picSrc, tp.price as price  from t_product tp , t_productscale_product  pps  where pps.product_scale_id = ? and tp.id = pps.product_id   and  tp.status = 1 limit 0, 6
[2017-04-08 17:11:58.012] [INFO] logInfo - success
[2017-04-08 17:11:58.015] [INFO] logInfo - DB-执行查询语句成功！
sql:select  tp.id as id , tp.amount as amount, tp.intro as intro, tp.name as name, tp.leftAmount as leftAmount,
   tp.height as height, tp.width as width, tp.brand as brand, tp.oldPrice as oldPrice, 
   tp.picSrc as picSrc, tp.price as price  from t_product tp , t_productscale_product  pps  where pps.product_scale_id = ? and tp.id = pps.product_id   and  tp.status = 1 limit 0, 6
[2017-04-08 17:11:58.015] [INFO] logInfo - success
[2017-04-08 17:11:58.017] [INFO] logInfo - DB-执行查询语句成功！
sql:select  tp.id as id , tp.amount as amount, tp.intro as intro, tp.name as name, tp.leftAmount as leftAmount,
   tp.height as height, tp.width as width, tp.brand as brand, tp.oldPrice as oldPrice, 
   tp.picSrc as picSrc, tp.price as price  from t_product tp , t_productscale_product  pps  where pps.product_scale_id = ? and tp.id = pps.product_id   and  tp.status = 1 limit 0, 6
[2017-04-08 17:11:58.018] [INFO] logInfo - success
[2017-04-08 17:11:58.021] [INFO] logInfo - DB-执行查询语句成功！
sql:select  tp.id as id , tp.amount as amount, tp.intro as intro, tp.name as name, tp.leftAmount as leftAmount,
   tp.height as height, tp.width as width, tp.brand as brand, tp.oldPrice as oldPrice, 
   tp.picSrc as picSrc, tp.price as price  from t_product tp , t_productscale_product  pps  where pps.product_scale_id = ? and tp.id = pps.product_id   and  tp.status = 1 limit 0, 6
[2017-04-08 17:11:58.022] [INFO] logInfo - success
[2017-04-08 17:11:59.283] [INFO] logInfo - pager success id 24
[2017-04-08 17:11:59.283] [INFO] logInfo - shopbyps by id 24
[2017-04-08 17:11:59.387] [INFO] logInfo - DB-执行查询语句成功！
sql:select ts.id as id, ts.name as name, ts.picSrc as picSrc, ts.logoStr as logoStr, ts.intro as intro from t_shop ts where ts.id = ?
[2017-04-08 17:11:59.392] [INFO] logInfo - DB-执行查询语句成功！
sql:select id,  name, shop_id  from t_productscale tp where tp.shop_id = ?
[2017-04-08 17:11:59.393] [INFO] logInfo - success
[2017-04-08 17:11:59.469] [INFO] logInfo - DB-执行查询语句成功！
sql:select  tp.id as id , tp.amount as amount, tp.intro as intro, tp.name as name, tp.leftAmount as leftAmount,
   tp.height as height, tp.width as width, tp.brand as brand, tp.oldPrice as oldPrice, 
   tp.picSrc as picSrc, tp.price as price  from t_product tp , t_productscale_product  pps  where pps.product_scale_id = ? and tp.id = pps.product_id   and  tp.status = 1 limit 0, 6
[2017-04-08 17:11:59.469] [INFO] logInfo - success
[2017-04-08 17:11:59.472] [INFO] logInfo - DB-执行查询语句成功！
sql:select  tp.id as id , tp.amount as amount, tp.intro as intro, tp.name as name, tp.leftAmount as leftAmount,
   tp.height as height, tp.width as width, tp.brand as brand, tp.oldPrice as oldPrice, 
   tp.picSrc as picSrc, tp.price as price  from t_product tp , t_productscale_product  pps  where pps.product_scale_id = ? and tp.id = pps.product_id   and  tp.status = 1 limit 0, 6
[2017-04-08 17:11:59.473] [INFO] logInfo - success
[2017-04-08 17:11:59.474] [INFO] logInfo - DB-执行查询语句成功！
sql:select  tp.id as id , tp.amount as amount, tp.intro as intro, tp.name as name, tp.leftAmount as leftAmount,
   tp.height as height, tp.width as width, tp.brand as brand, tp.oldPrice as oldPrice, 
   tp.picSrc as picSrc, tp.price as price  from t_product tp , t_productscale_product  pps  where pps.product_scale_id = ? and tp.id = pps.product_id   and  tp.status = 1 limit 0, 6
[2017-04-08 17:11:59.474] [INFO] logInfo - success
[2017-04-08 17:11:59.475] [INFO] logInfo - DB-执行查询语句成功！
sql:select  tp.id as id , tp.amount as amount, tp.intro as intro, tp.name as name, tp.leftAmount as leftAmount,
   tp.height as height, tp.width as width, tp.brand as brand, tp.oldPrice as oldPrice, 
   tp.picSrc as picSrc, tp.price as price  from t_product tp , t_productscale_product  pps  where pps.product_scale_id = ? and tp.id = pps.product_id   and  tp.status = 1 limit 0, 6
[2017-04-08 17:11:59.475] [INFO] logInfo - success
[2017-04-08 17:11:59.476] [INFO] logInfo - DB-执行查询语句成功！
sql:select  tp.id as id , tp.amount as amount, tp.intro as intro, tp.name as name, tp.leftAmount as leftAmount,
   tp.height as height, tp.width as width, tp.brand as brand, tp.oldPrice as oldPrice, 
   tp.picSrc as picSrc, tp.price as price  from t_product tp , t_productscale_product  pps  where pps.product_scale_id = ? and tp.id = pps.product_id   and  tp.status = 1 limit 0, 6
[2017-04-08 17:11:59.476] [INFO] logInfo - success
[2017-04-08 17:11:59.477] [INFO] logInfo - DB-执行查询语句成功！
sql:select  tp.id as id , tp.amount as amount, tp.intro as intro, tp.name as name, tp.leftAmount as leftAmount,
   tp.height as height, tp.width as width, tp.brand as brand, tp.oldPrice as oldPrice, 
   tp.picSrc as picSrc, tp.price as price  from t_product tp , t_productscale_product  pps  where pps.product_scale_id = ? and tp.id = pps.product_id   and  tp.status = 1 limit 0, 6
[2017-04-08 17:11:59.478] [INFO] logInfo - success
